  [1m[35m (3.7ms)[0m  [1m[35mCREATE TABLE "schema_migrations" ("version" varchar NOT NULL PRIMARY KEY)[0m
  [1m[35m (0.6ms)[0m  [1m[35mCREATE TABLE "ar_internal_metadata" ("key" varchar NOT NULL PRIMARY KEY, "value" varchar, "created_at" datetime(6) NOT NULL, "updated_at" datetime(6) NOT NULL)[0m
  [1m[36mActiveRecord::InternalMetadata Load (0.1ms)[0m  [1m[34mSELECT * FROM "ar_internal_metadata" WHERE "ar_internal_metadata"."key" = ? ORDER BY "ar_internal_metadata"."key" ASC LIMIT 1[0m  [[nil, "environment"]]
  [1m[36mActiveRecord::InternalMetadata Create (0.4ms)[0m  [1m[32mINSERT INTO "ar_internal_metadata" ("key", "value", "created_at", "updated_at") VALUES ('environment', 'development', '2024-03-15 06:32:33.842183', '2024-03-15 06:32:33.842187') RETURNING "key"[0m
  [1m[36mActiveRecord::SchemaMigration Load (0.1ms)[0m  [1m[34mSELECT "schema_migrations"."version" FROM "schema_migrations" ORDER BY "schema_migrations"."version" ASC[0m
Migrating to CreateArticles (20240315063150)
  [1m[36mTRANSACTION (0.0ms)[0m  [1m[36mbegin transaction[0m
  [1m[35m (0.8ms)[0m  [1m[35mCREATE TABLE "articles" ("id" integer PRIMARY KEY AUTOINCREMENT NOT NULL, "title" varchar, "created_at" datetime(6) NOT NULL, "updated_at" datetime(6) NOT NULL)[0m
  [1m[36mActiveRecord::SchemaMigration Create (0.1ms)[0m  [1m[32mINSERT INTO "schema_migrations" ("version") VALUES ('20240315063150') RETURNING "version"[0m
  [1m[36mTRANSACTION (0.6ms)[0m  [1m[36mcommit transaction[0m
Migrating to AddTextToArticles (20240315063157)
  [1m[36mTRANSACTION (0.0ms)[0m  [1m[36mbegin transaction[0m
  [1m[35m (0.8ms)[0m  [1m[35mALTER TABLE "articles" ADD "description" text[0m
  [1m[36mActiveRecord::SchemaMigration Create (0.1ms)[0m  [1m[32mINSERT INTO "schema_migrations" ("version") VALUES ('20240315063157') RETURNING "version"[0m
  [1m[36mTRANSACTION (1.6ms)[0m  [1m[36mcommit transaction[0m
  [1m[36mActiveRecord::SchemaMigration Load (0.1ms)[0m  [1m[34mSELECT "schema_migrations"."version" FROM "schema_migrations" ORDER BY "schema_migrations"."version" ASC[0m
Started GET "/articles" for 127.0.0.1 at 2024-03-15 14:33:23 +0800
  [1m[36mActiveRecord::SchemaMigration Load (0.1ms)[0m  [1m[34mSELECT "schema_migrations"."version" FROM "schema_migrations" ORDER BY "schema_migrations"."version" ASC[0m
  
ActionController::RoutingError (No route matches [GET] "/articles"):
  
Started GET "/" for 127.0.0.1 at 2024-03-15 14:34:32 +0800
Processing by Rails::WelcomeController#index as HTML
  Rendering /home/nora/.rbenv/versions/3.3.0/lib/ruby/gems/3.3.0/gems/railties-7.1.3.2/lib/rails/templates/rails/welcome/index.html.erb
  Rendered /home/nora/.rbenv/versions/3.3.0/lib/ruby/gems/3.3.0/gems/railties-7.1.3.2/lib/rails/templates/rails/welcome/index.html.erb (Duration: 2.7ms | Allocations: 269)
Completed 200 OK in 47ms (Views: 5.1ms | ActiveRecord: 0.0ms | Allocations: 2516)


Started GET "/" for 127.0.0.1 at 2024-03-15 14:36:53 +0800
  [1m[36mActiveRecord::SchemaMigration Load (0.1ms)[0m  [1m[34mSELECT "schema_migrations"."version" FROM "schema_migrations" ORDER BY "schema_migrations"."version" ASC[0m
Processing by Rails::WelcomeController#index as HTML
  Rendering /home/nora/.rbenv/versions/3.3.0/lib/ruby/gems/3.3.0/gems/railties-7.1.3.2/lib/rails/templates/rails/welcome/index.html.erb
  Rendered /home/nora/.rbenv/versions/3.3.0/lib/ruby/gems/3.3.0/gems/railties-7.1.3.2/lib/rails/templates/rails/welcome/index.html.erb (Duration: 0.9ms | Allocations: 374)
Completed 200 OK in 12ms (Views: 5.9ms | ActiveRecord: 0.0ms | Allocations: 4313)


Started GET "/" for 127.0.0.1 at 2024-03-15 14:37:04 +0800
Processing by Rails::WelcomeController#index as HTML
  Rendering /home/nora/.rbenv/versions/3.3.0/lib/ruby/gems/3.3.0/gems/railties-7.1.3.2/lib/rails/templates/rails/welcome/index.html.erb
  Rendered /home/nora/.rbenv/versions/3.3.0/lib/ruby/gems/3.3.0/gems/railties-7.1.3.2/lib/rails/templates/rails/welcome/index.html.erb (Duration: 0.1ms | Allocations: 13)
Completed 200 OK in 1ms (Views: 0.6ms | ActiveRecord: 0.0ms | Allocations: 217)


Started GET "/articles/" for 127.0.0.1 at 2024-03-15 14:37:11 +0800
  
ActionController::RoutingError (No route matches [GET] "/articles"):
  
Started GET "/articles/" for 127.0.0.1 at 2024-03-15 14:38:36 +0800
  [1m[36mActiveRecord::SchemaMigration Load (0.1ms)[0m  [1m[34mSELECT "schema_migrations"."version" FROM "schema_migrations" ORDER BY "schema_migrations"."version" ASC[0m
Processing by ArticlesController#index as HTML
  Rendering layout layouts/application.html.erb
  Rendering articles/index.html.erb within layouts/application
  [1m[36mArticle Load (0.0ms)[0m  [1m[34mSELECT "articles".* FROM "articles"[0m
  ↳ app/views/articles/index.html.erb:11
  Rendered articles/index.html.erb within layouts/application (Duration: 4.3ms | Allocations: 1428)
  Rendered layout layouts/application.html.erb (Duration: 429.6ms | Allocations: 94545)
Completed 200 OK in 511ms (Views: 432.5ms | ActiveRecord: 1.8ms | Allocations: 107618)


Started GET "/articles/new" for 127.0.0.1 at 2024-03-15 14:38:39 +0800
Processing by ArticlesController#new as HTML
  Rendering layout layouts/application.html.erb
  Rendering articles/new.html.erb within layouts/application
  Rendered articles/_form.html.erb (Duration: 16.0ms | Allocations: 5117)
  Rendered articles/new.html.erb within layouts/application (Duration: 17.1ms | Allocations: 5428)
  Rendered layout layouts/application.html.erb (Duration: 19.6ms | Allocations: 6524)
Completed 200 OK in 122ms (Views: 23.0ms | ActiveRecord: 0.5ms | Allocations: 15528)


Started POST "/articles" for 127.0.0.1 at 2024-03-15 14:38:42 +0800
Processing by ArticlesController#create as TURBO_STREAM
  Parameters: {"authenticity_token"=>"[FILTERED]", "article"=>{"title"=>";;", "description"=>";;"}, "commit"=>"Create Article"}
  [1m[36mTRANSACTION (0.2ms)[0m  [1m[36mbegin transaction[0m
  ↳ app/controllers/articles_controller.rb:22:in `create'
  [1m[36mArticle Create (1.2ms)[0m  [1m[32mINSERT INTO "articles" ("title", "created_at", "updated_at", "description") VALUES (?, ?, ?, ?) RETURNING "id"[0m  [["title", ";;"], ["created_at", "2024-03-15 06:38:42.009196"], ["updated_at", "2024-03-15 06:38:42.009196"], ["description", ";;"]]
  ↳ app/controllers/articles_controller.rb:22:in `create'
  [1m[36mTRANSACTION (7.4ms)[0m  [1m[36mcommit transaction[0m
  ↳ app/controllers/articles_controller.rb:22:in `create'
Redirected to http://localhost:3000/articles/1
Completed 302 Found in 21ms (ActiveRecord: 8.7ms | Allocations: 3669)


Started GET "/articles/1" for 127.0.0.1 at 2024-03-15 14:38:42 +0800
Processing by ArticlesController#show as TURBO_STREAM
  Parameters: {"id"=>"1"}
  [1m[36mArticle Load (0.1ms)[0m  [1m[34mSELECT "articles".* FROM "articles" WHERE "articles"."id" = ? LIMIT ?[0m  [["id", 1], ["LIMIT", 1]]
  ↳ app/controllers/articles_controller.rb:49:in `set_article'
  Rendering layout layouts/application.html.erb
  Rendering articles/show.html.erb within layouts/application
  Rendered articles/show.html.erb within layouts/application (Duration: 10.8ms | Allocations: 765)
  Rendered layout layouts/application.html.erb (Duration: 12.8ms | Allocations: 1844)
Completed 200 OK in 45ms (Views: 18.0ms | ActiveRecord: 0.1ms | Allocations: 4804)


  [1m[35m (307.4ms)[0m  [1m[35mCREATE DATABASE "blogger_rails7132_development" ENCODING = 'unicode'[0m
  [1m[35m (335.8ms)[0m  [1m[35mCREATE DATABASE "blogger_rails7132_test" ENCODING = 'unicode'[0m
  [1m[35m (12.5ms)[0m  [1m[35mCREATE TABLE "schema_migrations" ("version" character varying NOT NULL PRIMARY KEY)[0m
  [1m[35m (53.6ms)[0m  [1m[35mCREATE TABLE "ar_internal_metadata" ("key" character varying NOT NULL PRIMARY KEY, "value" character varying, "created_at" timestamp(6) NOT NULL, "updated_at" timestamp(6) NOT NULL)[0m
  [1m[35m (0.4ms)[0m  [1m[34mSELECT pg_try_advisory_lock(7264089281066430120)[0m
  [1m[36mActiveRecord::SchemaMigration Load (1.4ms)[0m  [1m[34mSELECT "schema_migrations"."version" FROM "schema_migrations" ORDER BY "schema_migrations"."version" ASC[0m
  [1m[36mActiveRecord::InternalMetadata Load (1.4ms)[0m  [1m[34mSELECT * FROM "ar_internal_metadata" WHERE "ar_internal_metadata"."key" = $1 ORDER BY "ar_internal_metadata"."key" ASC LIMIT 1[0m  [[nil, "environment"]]
  [1m[36mActiveRecord::InternalMetadata Create (1.4ms)[0m  [1m[32mINSERT INTO "ar_internal_metadata" ("key", "value", "created_at", "updated_at") VALUES ('environment', 'development', '2024-03-15 06:39:50.640759', '2024-03-15 06:39:50.640763') RETURNING "key"[0m
Migrating to CreateArticles (20240315063150)
  [1m[36mTRANSACTION (0.1ms)[0m  [1m[35mBEGIN[0m
  [1m[35m (7.5ms)[0m  [1m[35mCREATE TABLE "articles" ("id" bigserial primary key, "title" character varying, "created_at" timestamp(6) NOT NULL, "updated_at" timestamp(6) NOT NULL)[0m
  [1m[36mActiveRecord::SchemaMigration Create (0.3ms)[0m  [1m[32mINSERT INTO "schema_migrations" ("version") VALUES ('20240315063150') RETURNING "version"[0m
  [1m[36mTRANSACTION (0.9ms)[0m  [1m[35mCOMMIT[0m
Migrating to AddTextToArticles (20240315063157)
  [1m[36mTRANSACTION (0.1ms)[0m  [1m[35mBEGIN[0m
  [1m[35m (0.9ms)[0m  [1m[35mALTER TABLE "articles" ADD "description" text[0m
  [1m[36mActiveRecord::SchemaMigration Create (0.2ms)[0m  [1m[32mINSERT INTO "schema_migrations" ("version") VALUES ('20240315063157') RETURNING "version"[0m
  [1m[36mTRANSACTION (1.0ms)[0m  [1m[35mCOMMIT[0m
  [1m[35m (0.2ms)[0m  [1m[34mSELECT pg_advisory_unlock(7264089281066430120)[0m
  [1m[36mActiveRecord::SchemaMigration Load (0.2ms)[0m  [1m[34mSELECT "schema_migrations"."version" FROM "schema_migrations" ORDER BY "schema_migrations"."version" ASC[0m
Started GET "/articles/1" for 127.0.0.1 at 2024-03-15 14:41:44 +0800
Processing by ArticlesController#show as HTML
  Parameters: {"id"=>"1"}
  [1m[36mArticle Load (0.1ms)[0m  [1m[34mSELECT "articles".* FROM "articles" WHERE "articles"."id" = ? LIMIT ?[0m  [["id", 1], ["LIMIT", 1]]
  ↳ app/controllers/articles_controller.rb:49:in `set_article'
  Rendering layout layouts/application.html.erb
  Rendering articles/show.html.erb within layouts/application
  Rendered articles/show.html.erb within layouts/application (Duration: 2.2ms | Allocations: 824)
  Rendered layout layouts/application.html.erb (Duration: 11.5ms | Allocations: 15793)
Completed 200 OK in 22ms (Views: 13.2ms | ActiveRecord: 4.2ms | Allocations: 21420)


Started GET "/articles/1" for 127.0.0.1 at 2024-03-15 14:42:19 +0800
  [1m[36mActiveRecord::SchemaMigration Load (0.9ms)[0m  [1m[34mSELECT "schema_migrations"."version" FROM "schema_migrations" ORDER BY "schema_migrations"."version" ASC[0m
Processing by ArticlesController#show as HTML
  Parameters: {"id"=>"1"}
Started GET "/articles" for 127.0.0.1 at 2024-03-15 14:42:19 +0800
Processing by ArticlesController#index as HTML
  [1m[36mArticle Load (2.0ms)[0m  [1m[34mSELECT "articles".* FROM "articles" WHERE "articles"."id" = $1 LIMIT $2[0m  [["id", 1], ["LIMIT", 1]]
  ↳ app/controllers/articles_controller.rb:49:in `set_article'
Completed 404 Not Found in 67ms (ActiveRecord: 28.8ms | Allocations: 16711)


  
ActiveRecord::RecordNotFound (Couldn't find Article with 'id'=1):
  
app/controllers/articles_controller.rb:49:in `set_article'
  Rendering layout layouts/application.html.erb
  Rendering articles/index.html.erb within layouts/application
  [1m[36mArticle Load (99.5ms)[0m  [1m[34mSELECT "articles".* FROM "articles"[0m
  ↳ app/views/articles/index.html.erb:11
  Rendered articles/index.html.erb within layouts/application (Duration: 109.5ms | Allocations: 44243)
Started GET "/articles" for 127.0.0.1 at 2024-03-15 14:42:19 +0800
Processing by ArticlesController#index as HTML
  Rendering layout layouts/application.html.erb
  Rendering articles/index.html.erb within layouts/application
  Rendered layout layouts/application.html.erb (Duration: 409.4ms | Allocations: 158980)
Completed 200 OK in 582ms (Views: 387.5ms | ActiveRecord: 184.1ms | Allocations: 339187)


  [1m[36mArticle Load (88.1ms)[0m  [1m[34mSELECT "articles".* FROM "articles"[0m
  ↳ app/views/articles/index.html.erb:11
  Rendered articles/index.html.erb within layouts/application (Duration: 90.8ms | Allocations: 18239)
  Rendered layout layouts/application.html.erb (Duration: 96.7ms | Allocations: 20378)
Completed 200 OK in 101ms (Views: -63.3ms | ActiveRecord: 161.2ms | Allocations: 21448)


Started GET "/articles" for 127.0.0.1 at 2024-03-15 14:42:24 +0800
Processing by ArticlesController#index as HTML
  Rendering layout layouts/application.html.erb
  Rendering articles/index.html.erb within layouts/application
  [1m[36mArticle Load (2.3ms)[0m  [1m[34mSELECT "articles".* FROM "articles"[0m
  ↳ app/views/articles/index.html.erb:11
  Rendered articles/index.html.erb within layouts/application (Duration: 3.4ms | Allocations: 444)
  Rendered layout layouts/application.html.erb (Duration: 6.0ms | Allocations: 1921)
Completed 200 OK in 7ms (Views: 4.5ms | ActiveRecord: 2.2ms | Allocations: 2184)


Started GET "/articles/new" for 127.0.0.1 at 2024-03-15 14:42:25 +0800
Processing by ArticlesController#new as HTML
  Rendering layout layouts/application.html.erb
  Rendering articles/new.html.erb within layouts/application
  Rendered articles/_form.html.erb (Duration: 29.8ms | Allocations: 2255)
  Rendered articles/new.html.erb within layouts/application (Duration: 34.5ms | Allocations: 2527)
  Rendered layout layouts/application.html.erb (Duration: 37.1ms | Allocations: 3609)
Completed 200 OK in 78ms (Views: 42.3ms | ActiveRecord: 0.0ms | Allocations: 11450)


Started POST "/articles" for 127.0.0.1 at 2024-03-15 14:42:28 +0800
Processing by ArticlesController#create as TURBO_STREAM
  Parameters: {"authenticity_token"=>"[FILTERED]", "article"=>{"title"=>"u", "description"=>"u"}, "commit"=>"Create Article"}
  [1m[36mTRANSACTION (0.1ms)[0m  [1m[35mBEGIN[0m
  ↳ app/controllers/articles_controller.rb:22:in `create'
  [1m[36mArticle Create (3.8ms)[0m  [1m[32mINSERT INTO "articles" ("title", "created_at", "updated_at", "description") VALUES ($1, $2, $3, $4) RETURNING "id"[0m  [["title", "u"], ["created_at", "2024-03-15 06:42:28.016407"], ["updated_at", "2024-03-15 06:42:28.016407"], ["description", "u"]]
  ↳ app/controllers/articles_controller.rb:22:in `create'
  [1m[36mTRANSACTION (3.5ms)[0m  [1m[35mCOMMIT[0m
  ↳ app/controllers/articles_controller.rb:22:in `create'
Redirected to http://localhost:3000/articles/1
Completed 302 Found in 32ms (ActiveRecord: 7.4ms | Allocations: 3643)


Started GET "/articles/1" for 127.0.0.1 at 2024-03-15 14:42:28 +0800
Processing by ArticlesController#show as TURBO_STREAM
  Parameters: {"id"=>"1"}
  [1m[36mArticle Load (0.2ms)[0m  [1m[34mSELECT "articles".* FROM "articles" WHERE "articles"."id" = $1 LIMIT $2[0m  [["id", 1], ["LIMIT", 1]]
  ↳ app/controllers/articles_controller.rb:49:in `set_article'
  Rendering layout layouts/application.html.erb
  Rendering articles/show.html.erb within layouts/application
  Rendered articles/show.html.erb within layouts/application (Duration: 15.2ms | Allocations: 782)
  Rendered layout layouts/application.html.erb (Duration: 24.4ms | Allocations: 1867)
Completed 200 OK in 28ms (Views: 25.3ms | ActiveRecord: 0.2ms | Allocations: 2698)


Started GET "/articles" for 127.0.0.1 at 2024-03-15 14:43:27 +0800
Processing by ArticlesController#index as HTML
  Rendering layout layouts/application.html.erb
  Rendering articles/index.html.erb within layouts/application
  [1m[36mArticle Load (7.3ms)[0m  [1m[34mSELECT "articles".* FROM "articles"[0m
  ↳ app/views/articles/index.html.erb:11
  Rendered articles/index.html.erb within layouts/application (Duration: 18.1ms | Allocations: 685)
  Rendered layout layouts/application.html.erb (Duration: 25.1ms | Allocations: 1767)
Completed 200 OK in 26ms (Views: 18.4ms | ActiveRecord: 7.3ms | Allocations: 2023)


Started GET "/articles/1" for 127.0.0.1 at 2024-03-15 15:04:06 +0800
Processing by ArticlesController#show as HTML
  Parameters: {"id"=>"1"}
  [1m[36mArticle Load (0.4ms)[0m  [1m[34mSELECT "articles".* FROM "articles" WHERE "articles"."id" = $1 LIMIT $2[0m  [["id", 1], ["LIMIT", 1]]
  ↳ app/controllers/articles_controller.rb:49:in `set_article'
  Rendering layout layouts/application.html.erb
  Rendering articles/show.html.erb within layouts/application
  Rendered articles/show.html.erb within layouts/application (Duration: 1.6ms | Allocations: 596)
  Rendered layout layouts/application.html.erb (Duration: 3.5ms | Allocations: 1675)
Completed 200 OK in 17ms (Views: 4.1ms | ActiveRecord: 5.6ms | Allocations: 5070)


Started GET "/articles" for 127.0.0.1 at 2024-03-15 15:04:07 +0800
Processing by ArticlesController#index as HTML
  Rendering layout layouts/application.html.erb
  Rendering articles/index.html.erb within layouts/application
  [1m[36mArticle Load (0.7ms)[0m  [1m[34mSELECT "articles".* FROM "articles"[0m
  ↳ app/views/articles/index.html.erb:11
  Rendered articles/index.html.erb within layouts/application (Duration: 3.1ms | Allocations: 1019)
  Rendered layout layouts/application.html.erb (Duration: 5.1ms | Allocations: 2101)
Completed 200 OK in 6ms (Views: 4.9ms | ActiveRecord: 0.7ms | Allocations: 2360)


Started GET "/articles/new" for 127.0.0.1 at 2024-03-15 15:04:09 +0800
Processing by ArticlesController#new as HTML
  Rendering layout layouts/application.html.erb
  Rendering articles/new.html.erb within layouts/application
  Rendered articles/_form.html.erb (Duration: 1.5ms | Allocations: 963)
  Rendered articles/new.html.erb within layouts/application (Duration: 2.0ms | Allocations: 1042)
  Rendered layout layouts/application.html.erb (Duration: 3.4ms | Allocations: 2124)
Completed 200 OK in 4ms (Views: 4.0ms | ActiveRecord: 0.0ms | Allocations: 2388)


Started POST "/articles" for 127.0.0.1 at 2024-03-15 15:04:14 +0800
Processing by ArticlesController#create as TURBO_STREAM
  Parameters: {"authenticity_token"=>"[FILTERED]", "article"=>{"title"=>"post", "description"=>""}, "commit"=>"Create Article"}
  Rendering layout layouts/application.html.erb
  Rendering articles/new.html.erb within layouts/application
  Rendered articles/_form.html.erb (Duration: 2.0ms | Allocations: 2218)
  Rendered articles/new.html.erb within layouts/application (Duration: 2.3ms | Allocations: 2341)
  Rendered layout layouts/application.html.erb (Duration: 3.8ms | Allocations: 3419)
Completed 200 OK in 6ms (Views: 4.4ms | ActiveRecord: 0.0ms | Allocations: 4734)


Started GET "/articles" for 127.0.0.1 at 2024-03-15 15:04:17 +0800
Processing by ArticlesController#index as HTML
  Rendering layout layouts/application.html.erb
  Rendering articles/index.html.erb within layouts/application
  [1m[36mArticle Load (0.9ms)[0m  [1m[34mSELECT "articles".* FROM "articles"[0m
  ↳ app/views/articles/index.html.erb:11
  Rendered articles/index.html.erb within layouts/application (Duration: 2.7ms | Allocations: 1013)
  Rendered layout layouts/application.html.erb (Duration: 4.2ms | Allocations: 2095)
Completed 200 OK in 5ms (Views: 3.9ms | ActiveRecord: 0.9ms | Allocations: 2353)


Started GET "/articles" for 127.0.0.1 at 2024-03-15 15:04:18 +0800
Processing by ArticlesController#index as HTML
  Rendering layout layouts/application.html.erb
  Rendering articles/index.html.erb within layouts/application
  [1m[36mArticle Load (0.8ms)[0m  [1m[34mSELECT "articles".* FROM "articles"[0m
  ↳ app/views/articles/index.html.erb:11
  Rendered articles/index.html.erb within layouts/application (Duration: 2.9ms | Allocations: 1034)
  Rendered layout layouts/application.html.erb (Duration: 4.5ms | Allocations: 2116)
Completed 200 OK in 5ms (Views: 4.3ms | ActiveRecord: 0.8ms | Allocations: 2374)


Started POST "/articles" for 127.0.0.1 at 2024-03-15 15:04:19 +0800
Processing by ArticlesController#create as TURBO_STREAM
  Parameters: {"authenticity_token"=>"[FILTERED]", "article"=>{"title"=>"post", "description"=>"p"}, "commit"=>"Create Article"}
  [1m[36mTRANSACTION (0.4ms)[0m  [1m[35mBEGIN[0m
  ↳ app/controllers/articles_controller.rb:22:in `create'
  [1m[36mArticle Create (1.9ms)[0m  [1m[32mINSERT INTO "articles" ("title", "created_at", "updated_at", "description") VALUES ($1, $2, $3, $4) RETURNING "id"[0m  [["title", "post"], ["created_at", "2024-03-15 07:04:19.372522"], ["updated_at", "2024-03-15 07:04:19.372522"], ["description", "p"]]
  ↳ app/controllers/articles_controller.rb:22:in `create'
  [1m[36mTRANSACTION (1.7ms)[0m  [1m[35mCOMMIT[0m
  ↳ app/controllers/articles_controller.rb:22:in `create'
Redirected to http://localhost:3000/articles/2
Completed 302 Found in 8ms (ActiveRecord: 3.9ms | Allocations: 2171)


Started GET "/articles/2" for 127.0.0.1 at 2024-03-15 15:04:19 +0800
Processing by ArticlesController#show as TURBO_STREAM
  Parameters: {"id"=>"2"}
  [1m[36mArticle Load (0.4ms)[0m  [1m[34mSELECT "articles".* FROM "articles" WHERE "articles"."id" = $1 LIMIT $2[0m  [["id", 2], ["LIMIT", 1]]
  ↳ app/controllers/articles_controller.rb:49:in `set_article'
  Rendering layout layouts/application.html.erb
  Rendering articles/show.html.erb within layouts/application
  Rendered articles/show.html.erb within layouts/application (Duration: 0.8ms | Allocations: 605)
  Rendered layout layouts/application.html.erb (Duration: 3.7ms | Allocations: 1683)
Completed 200 OK in 11ms (Views: 8.8ms | ActiveRecord: 0.4ms | Allocations: 2350)


Started GET "/articles/2" for 127.0.0.1 at 2024-03-15 15:10:23 +0800
Processing by ArticlesController#show as HTML
  Parameters: {"id"=>"2"}
  [1m[36mArticle Load (0.5ms)[0m  [1m[34mSELECT "articles".* FROM "articles" WHERE "articles"."id" = $1 LIMIT $2[0m  [["id", 2], ["LIMIT", 1]]
  ↳ app/controllers/articles_controller.rb:49:in `set_article'
  Rendering layout layouts/application.html.erb
  Rendering articles/show.html.erb within layouts/application
  Rendered articles/show.html.erb within layouts/application (Duration: 2.6ms | Allocations: 826)
  Rendered layout layouts/application.html.erb (Duration: 13.5ms | Allocations: 15701)
Completed 200 OK in 39ms (Views: 15.4ms | ActiveRecord: 10.7ms | Allocations: 23498)


Started GET "/articles" for 127.0.0.1 at 2024-03-15 15:10:24 +0800
Processing by ArticlesController#index as HTML
  Rendering layout layouts/application.html.erb
  Rendering articles/index.html.erb within layouts/application
  [1m[36mArticle Load (1.1ms)[0m  [1m[34mSELECT "articles".* FROM "articles"[0m
  ↳ app/views/articles/index.html.erb:11
  Rendered articles/index.html.erb within layouts/application (Duration: 3.6ms | Allocations: 1474)
  Rendered layout layouts/application.html.erb (Duration: 5.2ms | Allocations: 2556)
Completed 200 OK in 6ms (Views: 4.7ms | ActiveRecord: 1.0ms | Allocations: 2883)


Started GET "/articles" for 127.0.0.1 at 2024-03-15 15:10:24 +0800
Processing by ArticlesController#index as HTML
  Rendering layout layouts/application.html.erb
  Rendering articles/index.html.erb within layouts/application
  [1m[36mArticle Load (0.9ms)[0m  [1m[34mSELECT "articles".* FROM "articles"[0m
  ↳ app/views/articles/index.html.erb:11
  Rendered articles/index.html.erb within layouts/application (Duration: 3.1ms | Allocations: 1192)
  Rendered layout layouts/application.html.erb (Duration: 5.1ms | Allocations: 2274)
Completed 200 OK in 6ms (Views: 4.9ms | ActiveRecord: 0.8ms | Allocations: 2532)


Started GET "/articles" for 127.0.0.1 at 2024-03-15 15:12:55 +0800
Processing by ArticlesController#index as HTML
  Rendering layout layouts/application.html.erb
  Rendering articles/index.html.erb within layouts/application
  [1m[36mArticle Load (0.6ms)[0m  [1m[34mSELECT "articles".* FROM "articles"[0m
  ↳ app/views/articles/index.html.erb:11
  Rendered articles/index.html.erb within layouts/application (Duration: 9.6ms | Allocations: 3933)
  Rendered layout layouts/application.html.erb (Duration: 19.1ms | Allocations: 18729)
Completed 200 OK in 23ms (Views: 17.1ms | ActiveRecord: 3.6ms | Allocations: 20605)


Started GET "/articles/new" for 127.0.0.1 at 2024-03-15 15:12:56 +0800
Processing by ArticlesController#new as HTML
  Rendering layout layouts/application.html.erb
  Rendering articles/new.html.erb within layouts/application
  Rendered articles/_form.html.erb (Duration: 0.7ms | Allocations: 1497)
  Rendered articles/new.html.erb within layouts/application (Duration: 1.9ms | Allocations: 1767)
  Rendered layout layouts/application.html.erb (Duration: 2.4ms | Allocations: 1868)
Completed 500 Internal Server Error in 4ms (ActiveRecord: 0.0ms | Allocations: 2231)


  
ActionView::SyntaxErrorInTemplate (Encountered a syntax error while rendering template: check <% if @article.errors.any? %>
    <h2>the following errors prevented the article from being saved</h2>
    <ul>
    <% @article.errors.full_messages.each do |msg| %>
        <li><%= msg%></li>
    <% end %>   
    </ul>
<% end %>

<%# POST article_path(article)=>update %>
<%= form_with(model: @article ,local:true)  data: { turbo: false }  do |f| %>
<p>
    <%= f.label :title %><br/>
    <%= f.text_field :title %>
</p>
<p>
    <%= f.label :description %><br/>
    <%= f.text_area :description %>
</p>
<p>
    <%= f.submit %>
</p>
<% end %>
):
1:    <% if @article.errors.any? %>
2:        <h2>the following errors prevented the article from being saved</h2>
3:        <ul>
4:        <% @article.errors.full_messages.each do |msg| %>
5:            <li><%= msg%></li>
6:        <% end %>   
7:        </ul>
8:    <% end %>
9:    
10:    <%# POST article_path(article)=>update %>
11:    <%= form_with(model: @article ,local:true)  data: { turbo: false }  do |f| %>
12:    <p>
13:        <%= f.label :title %><br/>
14:        <%= f.text_field :title %>
15:    </p>
16:    <p>
17:        <%= f.label :description %><br/>
18:        <%= f.text_area :description %>
19:    </p>
20:    <p>
21:        <%= f.submit %>
22:    </p>
23:    <% end %>
  
app/views/articles/_form.html.erb:11: syntax error, unexpected label, expecting `end' or dummy end
app/views/articles/_form.html.erb:25: syntax error, unexpected `end'
app/views/articles/new.html.erb:2
Started GET "/articles/new" for 127.0.0.1 at 2024-03-15 15:14:26 +0800
Processing by ArticlesController#new as HTML
  Rendering layout layouts/application.html.erb
  Rendering articles/new.html.erb within layouts/application
  Rendered articles/_form.html.erb (Duration: 1.9ms | Allocations: 1389)
  Rendered articles/new.html.erb within layouts/application (Duration: 3.4ms | Allocations: 1665)
  Rendered layout layouts/application.html.erb (Duration: 12.8ms | Allocations: 16643)
Completed 200 OK in 22ms (Views: 15.5ms | ActiveRecord: 1.6ms | Allocations: 20843)


Started POST "/articles" for 127.0.0.1 at 2024-03-15 15:14:30 +0800
Processing by ArticlesController#create as TURBO_STREAM
  Parameters: {"authenticity_token"=>"[FILTERED]", "article"=>{"title"=>"kk", "description"=>"kk"}, "commit"=>"Create Article"}
  [1m[36mTRANSACTION (0.3ms)[0m  [1m[35mBEGIN[0m
  ↳ app/controllers/articles_controller.rb:22:in `create'
  [1m[36mArticle Create (1.6ms)[0m  [1m[32mINSERT INTO "articles" ("title", "created_at", "updated_at", "description") VALUES ($1, $2, $3, $4) RETURNING "id"[0m  [["title", "kk"], ["created_at", "2024-03-15 07:14:30.648890"], ["updated_at", "2024-03-15 07:14:30.648890"], ["description", "kk"]]
  ↳ app/controllers/articles_controller.rb:22:in `create'
  [1m[36mTRANSACTION (1.5ms)[0m  [1m[35mCOMMIT[0m
  ↳ app/controllers/articles_controller.rb:22:in `create'
Redirected to http://localhost:3000/articles/3
Completed 302 Found in 7ms (ActiveRecord: 3.4ms | Allocations: 2399)


Started GET "/articles/3" for 127.0.0.1 at 2024-03-15 15:14:30 +0800
Processing by ArticlesController#show as TURBO_STREAM
  Parameters: {"id"=>"3"}
  [1m[36mArticle Load (0.5ms)[0m  [1m[34mSELECT "articles".* FROM "articles" WHERE "articles"."id" = $1 LIMIT $2[0m  [["id", 3], ["LIMIT", 1]]
  ↳ app/controllers/articles_controller.rb:49:in `set_article'
  Rendering layout layouts/application.html.erb
  Rendering articles/show.html.erb within layouts/application
  Rendered articles/show.html.erb within layouts/application (Duration: 5.2ms | Allocations: 761)
  Rendered layout layouts/application.html.erb (Duration: 18.2ms | Allocations: 1854)
Completed 200 OK in 29ms (Views: 22.8ms | ActiveRecord: 0.5ms | Allocations: 3307)


Started GET "/articles" for 127.0.0.1 at 2024-03-15 15:14:31 +0800
Processing by ArticlesController#index as HTML
  Rendering layout layouts/application.html.erb
  Rendering articles/index.html.erb within layouts/application
  [1m[36mArticle Load (1.1ms)[0m  [1m[34mSELECT "articles".* FROM "articles"[0m
  ↳ app/views/articles/index.html.erb:11
  Rendered articles/index.html.erb within layouts/application (Duration: 4.5ms | Allocations: 1647)
  Rendered layout layouts/application.html.erb (Duration: 6.1ms | Allocations: 2729)
Completed 200 OK in 7ms (Views: 5.5ms | ActiveRecord: 1.1ms | Allocations: 3055)


Started DELETE "/articles/3" for 127.0.0.1 at 2024-03-15 15:14:34 +0800
Processing by ArticlesController#destroy as TURBO_STREAM
  Parameters: {"authenticity_token"=>"[FILTERED]", "id"=>"3"}
  [1m[36mArticle Load (0.7ms)[0m  [1m[34mSELECT "articles".* FROM "articles" WHERE "articles"."id" = $1 LIMIT $2[0m  [["id", 3], ["LIMIT", 1]]
  ↳ app/controllers/articles_controller.rb:49:in `set_article'
  [1m[36mTRANSACTION (0.4ms)[0m  [1m[35mBEGIN[0m
  ↳ app/controllers/articles_controller.rb:42:in `destroy'
  [1m[36mArticle Destroy (1.5ms)[0m  [1m[31mDELETE FROM "articles" WHERE "articles"."id" = $1[0m  [["id", 3]]
  ↳ app/controllers/articles_controller.rb:42:in `destroy'
  [1m[36mTRANSACTION (2.6ms)[0m  [1m[35mCOMMIT[0m
  ↳ app/controllers/articles_controller.rb:42:in `destroy'
Redirected to http://localhost:3000/articles
Completed 302 Found in 10ms (ActiveRecord: 5.1ms | Allocations: 2303)


Started GET "/articles" for 127.0.0.1 at 2024-03-15 15:14:34 +0800
Processing by ArticlesController#index as TURBO_STREAM
  Rendering layout layouts/application.html.erb
  Rendering articles/index.html.erb within layouts/application
  [1m[36mArticle Load (0.8ms)[0m  [1m[34mSELECT "articles".* FROM "articles"[0m
  ↳ app/views/articles/index.html.erb:11
  Rendered articles/index.html.erb within layouts/application (Duration: 4.5ms | Allocations: 1192)
  Rendered layout layouts/application.html.erb (Duration: 13.6ms | Allocations: 2286)
Completed 200 OK in 19ms (Views: 17.7ms | ActiveRecord: 0.8ms | Allocations: 2547)


Started GET "/articles/2/edit" for 127.0.0.1 at 2024-03-15 15:14:35 +0800
Processing by ArticlesController#edit as HTML
  Parameters: {"id"=>"2"}
  [1m[36mArticle Load (0.4ms)[0m  [1m[34mSELECT "articles".* FROM "articles" WHERE "articles"."id" = $1 LIMIT $2[0m  [["id", 2], ["LIMIT", 1]]
  ↳ app/controllers/articles_controller.rb:49:in `set_article'
  Rendering layout layouts/application.html.erb
  Rendering articles/edit.html.erb within layouts/application
  Rendered articles/_form.html.erb (Duration: 1.2ms | Allocations: 1040)
  Rendered articles/edit.html.erb within layouts/application (Duration: 2.0ms | Allocations: 1233)
  Rendered layout layouts/application.html.erb (Duration: 3.9ms | Allocations: 2311)
Completed 200 OK in 7ms (Views: 4.6ms | ActiveRecord: 0.3ms | Allocations: 3042)


Started GET "/articles/2" for 127.0.0.1 at 2024-03-15 15:14:35 +0800
Processing by ArticlesController#show as HTML
  Parameters: {"id"=>"2"}
  [1m[36mArticle Load (0.4ms)[0m  [1m[34mSELECT "articles".* FROM "articles" WHERE "articles"."id" = $1 LIMIT $2[0m  [["id", 2], ["LIMIT", 1]]
  ↳ app/controllers/articles_controller.rb:49:in `set_article'
  Rendering layout layouts/application.html.erb
  Rendering articles/show.html.erb within layouts/application
  Rendered articles/show.html.erb within layouts/application (Duration: 1.3ms | Allocations: 605)
  Rendered layout layouts/application.html.erb (Duration: 2.9ms | Allocations: 1683)
Completed 200 OK in 6ms (Views: 3.7ms | ActiveRecord: 0.4ms | Allocations: 2348)


Started GET "/articles/2" for 127.0.0.1 at 2024-03-15 15:14:36 +0800
Processing by ArticlesController#show as HTML
  Parameters: {"id"=>"2"}
  [1m[36mArticle Load (0.4ms)[0m  [1m[34mSELECT "articles".* FROM "articles" WHERE "articles"."id" = $1 LIMIT $2[0m  [["id", 2], ["LIMIT", 1]]
  ↳ app/controllers/articles_controller.rb:49:in `set_article'
  Rendering layout layouts/application.html.erb
  Rendering articles/show.html.erb within layouts/application
  Rendered articles/show.html.erb within layouts/application (Duration: 0.8ms | Allocations: 581)
  Rendered layout layouts/application.html.erb (Duration: 2.6ms | Allocations: 1661)
Completed 200 OK in 6ms (Views: 4.0ms | ActiveRecord: 0.3ms | Allocations: 2325)


Started GET "/articles" for 127.0.0.1 at 2024-03-15 15:14:37 +0800
Processing by ArticlesController#index as HTML
  Rendering layout layouts/application.html.erb
  Rendering articles/index.html.erb within layouts/application
  [1m[36mArticle Load (1.2ms)[0m  [1m[34mSELECT "articles".* FROM "articles"[0m
  ↳ app/views/articles/index.html.erb:11
  Rendered articles/index.html.erb within layouts/application (Duration: 3.1ms | Allocations: 1210)
  Rendered layout layouts/application.html.erb (Duration: 4.5ms | Allocations: 2292)
Completed 200 OK in 5ms (Views: 3.8ms | ActiveRecord: 1.2ms | Allocations: 2550)


Started GET "/articles/2/edit" for 127.0.0.1 at 2024-03-15 15:14:38 +0800
Processing by ArticlesController#edit as HTML
  Parameters: {"id"=>"2"}
  [1m[36mArticle Load (0.2ms)[0m  [1m[34mSELECT "articles".* FROM "articles" WHERE "articles"."id" = $1 LIMIT $2[0m  [["id", 2], ["LIMIT", 1]]
  ↳ app/controllers/articles_controller.rb:49:in `set_article'
  Rendering layout layouts/application.html.erb
  Rendering articles/edit.html.erb within layouts/application
  Rendered articles/_form.html.erb (Duration: 1.2ms | Allocations: 1007)
  Rendered articles/edit.html.erb within layouts/application (Duration: 1.5ms | Allocations: 1086)
  Rendered layout layouts/application.html.erb (Duration: 3.1ms | Allocations: 2165)
Completed 200 OK in 6ms (Views: 3.8ms | ActiveRecord: 0.1ms | Allocations: 2829)


Started GET "/articles/2" for 127.0.0.1 at 2024-03-15 15:14:39 +0800
Processing by ArticlesController#show as HTML
  Parameters: {"id"=>"2"}
  [1m[36mArticle Load (0.3ms)[0m  [1m[34mSELECT "articles".* FROM "articles" WHERE "articles"."id" = $1 LIMIT $2[0m  [["id", 2], ["LIMIT", 1]]
  ↳ app/controllers/articles_controller.rb:49:in `set_article'
  Rendering layout layouts/application.html.erb
  Rendering articles/show.html.erb within layouts/application
  Rendered articles/show.html.erb within layouts/application (Duration: 0.8ms | Allocations: 590)
  Rendered layout layouts/application.html.erb (Duration: 2.6ms | Allocations: 1668)
Completed 200 OK in 6ms (Views: 3.2ms | ActiveRecord: 0.3ms | Allocations: 2332)


Started DELETE "/articles/2" for 127.0.0.1 at 2024-03-15 15:14:41 +0800
Processing by ArticlesController#destroy as TURBO_STREAM
  Parameters: {"authenticity_token"=>"[FILTERED]", "id"=>"2"}
  [1m[36mArticle Load (0.3ms)[0m  [1m[34mSELECT "articles".* FROM "articles" WHERE "articles"."id" = $1 LIMIT $2[0m  [["id", 2], ["LIMIT", 1]]
  ↳ app/controllers/articles_controller.rb:49:in `set_article'
  [1m[36mTRANSACTION (0.3ms)[0m  [1m[35mBEGIN[0m
  ↳ app/controllers/articles_controller.rb:42:in `destroy'
  [1m[36mArticle Destroy (1.4ms)[0m  [1m[31mDELETE FROM "articles" WHERE "articles"."id" = $1[0m  [["id", 2]]
  ↳ app/controllers/articles_controller.rb:42:in `destroy'
  [1m[36mTRANSACTION (1.3ms)[0m  [1m[35mCOMMIT[0m
  ↳ app/controllers/articles_controller.rb:42:in `destroy'
Redirected to http://localhost:3000/articles
Completed 302 Found in 7ms (ActiveRecord: 3.2ms | Allocations: 2187)


Started GET "/articles" for 127.0.0.1 at 2024-03-15 15:14:41 +0800
Processing by ArticlesController#index as TURBO_STREAM
  Rendering layout layouts/application.html.erb
  Rendering articles/index.html.erb within layouts/application
  [1m[36mArticle Load (0.2ms)[0m  [1m[34mSELECT "articles".* FROM "articles"[0m
  ↳ app/views/articles/index.html.erb:11
  Rendered articles/index.html.erb within layouts/application (Duration: 4.9ms | Allocations: 1019)
  Rendered layout layouts/application.html.erb (Duration: 16.0ms | Allocations: 2101)
Completed 200 OK in 20ms (Views: 20.0ms | ActiveRecord: 0.2ms | Allocations: 2362)


Started GET "/articles/new" for 127.0.0.1 at 2024-03-15 15:14:42 +0800
Processing by ArticlesController#new as HTML
  Rendering layout layouts/application.html.erb
  Rendering articles/new.html.erb within layouts/application
  Rendered articles/_form.html.erb (Duration: 1.6ms | Allocations: 971)
  Rendered articles/new.html.erb within layouts/application (Duration: 2.1ms | Allocations: 1050)
  Rendered layout layouts/application.html.erb (Duration: 8.0ms | Allocations: 2132)
Completed 200 OK in 9ms (Views: 8.7ms | ActiveRecord: 0.0ms | Allocations: 2397)


Started POST "/articles" for 127.0.0.1 at 2024-03-15 15:14:44 +0800
Processing by ArticlesController#create as TURBO_STREAM
  Parameters: {"authenticity_token"=>"[FILTERED]", "article"=>{"title"=>"mm", "description"=>"mm"}, "commit"=>"Create Article"}
  [1m[36mTRANSACTION (0.5ms)[0m  [1m[35mBEGIN[0m
  ↳ app/controllers/articles_controller.rb:22:in `create'
  [1m[36mArticle Create (3.2ms)[0m  [1m[32mINSERT INTO "articles" ("title", "created_at", "updated_at", "description") VALUES ($1, $2, $3, $4) RETURNING "id"[0m  [["title", "mm"], ["created_at", "2024-03-15 07:14:44.978107"], ["updated_at", "2024-03-15 07:14:44.978107"], ["description", "mm"]]
  ↳ app/controllers/articles_controller.rb:22:in `create'
  [1m[36mTRANSACTION (1.4ms)[0m  [1m[35mCOMMIT[0m
  ↳ app/controllers/articles_controller.rb:22:in `create'
Redirected to http://localhost:3000/articles/4
Completed 302 Found in 8ms (ActiveRecord: 5.1ms | Allocations: 2176)


Started GET "/articles/4" for 127.0.0.1 at 2024-03-15 15:14:44 +0800
Processing by ArticlesController#show as TURBO_STREAM
  Parameters: {"id"=>"4"}
  [1m[36mArticle Load (0.4ms)[0m  [1m[34mSELECT "articles".* FROM "articles" WHERE "articles"."id" = $1 LIMIT $2[0m  [["id", 4], ["LIMIT", 1]]
  ↳ app/controllers/articles_controller.rb:49:in `set_article'
  Rendering layout layouts/application.html.erb
  Rendering articles/show.html.erb within layouts/application
  Rendered articles/show.html.erb within layouts/application (Duration: 0.9ms | Allocations: 602)
  Rendered layout layouts/application.html.erb (Duration: 2.4ms | Allocations: 1695)
Completed 200 OK in 6ms (Views: 2.9ms | ActiveRecord: 0.3ms | Allocations: 2362)


Started GET "/articles" for 127.0.0.1 at 2024-03-15 15:14:45 +0800
Processing by ArticlesController#index as HTML
  Rendering layout layouts/application.html.erb
  Rendering articles/index.html.erb within layouts/application
  [1m[36mArticle Load (0.4ms)[0m  [1m[34mSELECT "articles".* FROM "articles"[0m
  ↳ app/views/articles/index.html.erb:11
  Rendered articles/index.html.erb within layouts/application (Duration: 3.3ms | Allocations: 1234)
  Rendered layout layouts/application.html.erb (Duration: 4.8ms | Allocations: 2320)
Completed 200 OK in 6ms (Views: 5.2ms | ActiveRecord: 0.4ms | Allocations: 2579)


Started GET "/articles/4/edit" for 127.0.0.1 at 2024-03-15 15:14:48 +0800
Processing by ArticlesController#edit as HTML
  Parameters: {"id"=>"4"}
  [1m[36mArticle Load (0.4ms)[0m  [1m[34mSELECT "articles".* FROM "articles" WHERE "articles"."id" = $1 LIMIT $2[0m  [["id", 4], ["LIMIT", 1]]
  ↳ app/controllers/articles_controller.rb:49:in `set_article'
  Rendering layout layouts/application.html.erb
  Rendering articles/edit.html.erb within layouts/application
  Rendered articles/_form.html.erb (Duration: 1.9ms | Allocations: 1022)
  Rendered articles/edit.html.erb within layouts/application (Duration: 2.3ms | Allocations: 1101)
  Rendered layout layouts/application.html.erb (Duration: 3.8ms | Allocations: 2179)
Completed 200 OK in 7ms (Views: 4.4ms | ActiveRecord: 0.4ms | Allocations: 2843)


Started PATCH "/articles/4" for 127.0.0.1 at 2024-03-15 15:14:59 +0800
Processing by ArticlesController#update as TURBO_STREAM
  Parameters: {"authenticity_token"=>"[FILTERED]", "article"=>{"title"=>"postger", "description"=>"mm "}, "commit"=>"Update Article", "id"=>"4"}
  [1m[36mArticle Load (0.5ms)[0m  [1m[34mSELECT "articles".* FROM "articles" WHERE "articles"."id" = $1 LIMIT $2[0m  [["id", 4], ["LIMIT", 1]]
  ↳ app/controllers/articles_controller.rb:49:in `set_article'
  [1m[36mTRANSACTION (0.3ms)[0m  [1m[35mBEGIN[0m
  ↳ app/controllers/articles_controller.rb:33:in `update'
  [1m[36mArticle Update (1.5ms)[0m  [1m[33mUPDATE "articles" SET "title" = $1, "updated_at" = $2, "description" = $3 WHERE "articles"."id" = $4[0m  [["title", "postger"], ["updated_at", "2024-03-15 07:14:59.685620"], ["description", "mm "], ["id", 4]]
  ↳ app/controllers/articles_controller.rb:33:in `update'
  [1m[36mTRANSACTION (1.3ms)[0m  [1m[35mCOMMIT[0m
  ↳ app/controllers/articles_controller.rb:33:in `update'
Redirected to http://localhost:3000/articles/4
Completed 302 Found in 9ms (ActiveRecord: 3.6ms | Allocations: 2750)


Started GET "/articles/4" for 127.0.0.1 at 2024-03-15 15:14:59 +0800
Processing by ArticlesController#show as TURBO_STREAM
  Parameters: {"id"=>"4"}
  [1m[36mArticle Load (0.1ms)[0m  [1m[34mSELECT "articles".* FROM "articles" WHERE "articles"."id" = $1 LIMIT $2[0m  [["id", 4], ["LIMIT", 1]]
  ↳ app/controllers/articles_controller.rb:49:in `set_article'
  Rendering layout layouts/application.html.erb
  Rendering articles/show.html.erb within layouts/application
  Rendered articles/show.html.erb within layouts/application (Duration: 0.9ms | Allocations: 584)
  Rendered layout layouts/application.html.erb (Duration: 2.5ms | Allocations: 1662)
Completed 200 OK in 5ms (Views: 3.1ms | ActiveRecord: 0.1ms | Allocations: 2329)


Started GET "/articles" for 127.0.0.1 at 2024-03-15 15:15:00 +0800
Processing by ArticlesController#index as HTML
  Rendering layout layouts/application.html.erb
  Rendering articles/index.html.erb within layouts/application
  [1m[36mArticle Load (0.8ms)[0m  [1m[34mSELECT "articles".* FROM "articles"[0m
  ↳ app/views/articles/index.html.erb:11
  Rendered articles/index.html.erb within layouts/application (Duration: 3.0ms | Allocations: 1192)
  Rendered layout layouts/application.html.erb (Duration: 4.7ms | Allocations: 2276)
Completed 200 OK in 6ms (Views: 4.5ms | ActiveRecord: 0.8ms | Allocations: 2534)


Started GET "/articles" for 127.0.0.1 at 2024-03-15 15:25:06 +0800
Processing by ArticlesController#index as HTML
  Rendering layout layouts/application.html.erb
  Rendering articles/index.html.erb within layouts/application
  [1m[36mArticle Load (35.4ms)[0m  [1m[34mSELECT "articles".* FROM "articles"[0m
  ↳ app/views/articles/index.html.erb:11
  Rendered articles/index.html.erb within layouts/application (Duration: 43.5ms | Allocations: 3914)
  Rendered layout layouts/application.html.erb (Duration: 45.4ms | Allocations: 4997)
Completed 200 OK in 46ms (Views: 0.4ms | ActiveRecord: 45.6ms | Allocations: 5253)


Started GET "/articles/new" for 127.0.0.1 at 2024-03-15 15:25:07 +0800
Processing by ArticlesController#new as HTML
  Rendering layout layouts/application.html.erb
  Rendering articles/new.html.erb within layouts/application
  Rendered articles/_form.html.erb (Duration: 1.2ms | Allocations: 971)
  Rendered articles/new.html.erb within layouts/application (Duration: 1.5ms | Allocations: 1050)
  Rendered layout layouts/application.html.erb (Duration: 3.5ms | Allocations: 2132)
Completed 200 OK in 5ms (Views: 4.2ms | ActiveRecord: 0.0ms | Allocations: 2396)


Started GET "/articles/new" for 127.0.0.1 at 2024-03-15 15:25:32 +0800
  [1m[36mActiveRecord::SchemaMigration Load (0.5ms)[0m  [1m[34mSELECT "schema_migrations"."version" FROM "schema_migrations" ORDER BY "schema_migrations"."version" ASC[0m
Processing by ArticlesController#new as HTML
  Rendering layout layouts/application.html.erb
  Rendering articles/new.html.erb within layouts/application
  Rendered articles/_form.html.erb (Duration: 7.5ms | Allocations: 3658)
  Rendered articles/new.html.erb within layouts/application (Duration: 8.5ms | Allocations: 4087)
  Rendered layout layouts/application.html.erb (Duration: 495.9ms | Allocations: 37312)
Completed 200 OK in 600ms (Views: 499.3ms | ActiveRecord: 19.2ms | Allocations: 57259)


Started POST "/articles" for 127.0.0.1 at 2024-03-15 15:25:36 +0800
Processing by ArticlesController#create as TURBO_STREAM
  Parameters: {"authenticity_token"=>"[FILTERED]", "article"=>{"title"=>"kk", "description"=>"kk"}, "commit"=>"Create Article"}
  [1m[36mTRANSACTION (0.3ms)[0m  [1m[35mBEGIN[0m
  ↳ app/controllers/articles_controller.rb:22:in `create'
  [1m[36mArticle Create (2.1ms)[0m  [1m[32mINSERT INTO "articles" ("title", "created_at", "updated_at", "description") VALUES ($1, $2, $3, $4) RETURNING "id"[0m  [["title", "kk"], ["created_at", "2024-03-15 07:25:36.101656"], ["updated_at", "2024-03-15 07:25:36.101656"], ["description", "kk"]]
  ↳ app/controllers/articles_controller.rb:22:in `create'
  [1m[36mTRANSACTION (1.7ms)[0m  [1m[35mCOMMIT[0m
  ↳ app/controllers/articles_controller.rb:22:in `create'
Redirected to http://localhost:3000/articles/5
Completed 302 Found in 14ms (ActiveRecord: 4.1ms | Allocations: 3743)


Started GET "/articles/5" for 127.0.0.1 at 2024-03-15 15:25:36 +0800
Processing by ArticlesController#show as TURBO_STREAM
  Parameters: {"id"=>"5"}
  [1m[36mArticle Load (0.4ms)[0m  [1m[34mSELECT "articles".* FROM "articles" WHERE "articles"."id" = $1 LIMIT $2[0m  [["id", 5], ["LIMIT", 1]]
  ↳ app/controllers/articles_controller.rb:49:in `set_article'
  Rendering layout layouts/application.html.erb
  Rendering articles/show.html.erb within layouts/application
  Rendered articles/show.html.erb within layouts/application (Duration: 2.1ms | Allocations: 805)
  Rendered layout layouts/application.html.erb (Duration: 4.0ms | Allocations: 1886)
Completed 200 OK in 15ms (Views: 4.8ms | ActiveRecord: 0.6ms | Allocations: 5702)


Started GET "/articles" for 127.0.0.1 at 2024-03-15 15:25:36 +0800
Processing by ArticlesController#index as HTML
  Rendering layout layouts/application.html.erb
  Rendering articles/index.html.erb within layouts/application
  [1m[36mArticle Load (1.1ms)[0m  [1m[34mSELECT "articles".* FROM "articles"[0m
  ↳ app/views/articles/index.html.erb:11
  Rendered articles/index.html.erb within layouts/application (Duration: 4.6ms | Allocations: 1689)
  Rendered layout layouts/application.html.erb (Duration: 6.6ms | Allocations: 2771)
Completed 200 OK in 8ms (Views: 6.5ms | ActiveRecord: 1.0ms | Allocations: 3106)


Started GET "/articles/new" for 127.0.0.1 at 2024-03-15 15:25:37 +0800
Processing by ArticlesController#new as HTML
  Rendering layout layouts/application.html.erb
  Rendering articles/new.html.erb within layouts/application
  Rendered articles/_form.html.erb (Duration: 1.2ms | Allocations: 963)
  Rendered articles/new.html.erb within layouts/application (Duration: 1.5ms | Allocations: 1042)
  Rendered layout layouts/application.html.erb (Duration: 2.9ms | Allocations: 2124)
Completed 200 OK in 6ms (Views: 5.5ms | ActiveRecord: 0.0ms | Allocations: 2394)


Started GET "/articles" for 127.0.0.1 at 2024-03-15 16:00:26 +0800
  
ActiveRecord::DatabaseConnectionError (There is an issue connecting to your database with your username/password, username: nora.

Please check your database configuration to ensure the username/password are valid.
):
  
activerecord (7.1.3.2) lib/active_record/connection_adapters/postgresql_adapter.rb:76:in `rescue in new_client'
activerecord (7.1.3.2) lib/active_record/connection_adapters/postgresql_adapter.rb:68:in `new_client'
activerecord (7.1.3.2) lib/active_record/connection_adapters/postgresql_adapter.rb:980:in `connect'
activerecord (7.1.3.2) lib/active_record/connection_adapters/postgresql_adapter.rb:992:in `reconnect'
activerecord (7.1.3.2) lib/active_record/connection_adapters/abstract_adapter.rb:685:in `block in reconnect!'
activesupport (7.1.3.2) lib/active_support/concurrency/null_lock.rb:9:in `synchronize'
activerecord (7.1.3.2) lib/active_record/connection_adapters/abstract_adapter.rb:684:in `reconnect!'
activerecord (7.1.3.2) lib/active_record/connection_adapters/abstract_adapter.rb:788:in `verify!'
activerecord (7.1.3.2) lib/active_record/connection_adapters/abstract_adapter.rb:795:in `connect!'
activerecord (7.1.3.2) lib/active_record/connection_adapters/abstract_adapter.rb:1001:in `block in with_raw_connection'
activesupport (7.1.3.2) lib/active_support/concurrency/null_lock.rb:9:in `synchronize'
activerecord (7.1.3.2) lib/active_record/connection_adapters/abstract_adapter.rb:1000:in `with_raw_connection'
activerecord (7.1.3.2) lib/active_record/connection_adapters/abstract_adapter.rb:1113:in `valid_raw_connection'
activerecord (7.1.3.2) lib/active_record/connection_adapters/postgresql_adapter.rb:616:in `get_database_version'
activerecord (7.1.3.2) lib/active_record/connection_adapters/schema_cache.rb:374:in `database_version'
activerecord (7.1.3.2) lib/active_record/connection_adapters/schema_cache.rb:70:in `database_version'
activerecord (7.1.3.2) lib/active_record/connection_adapters/schema_cache.rb:200:in `database_version'
activerecord (7.1.3.2) lib/active_record/connection_adapters/abstract_adapter.rb:871:in `database_version'
activerecord (7.1.3.2) lib/active_record/connection_adapters/postgresql_adapter.rb:644:in `check_version'
activerecord (7.1.3.2) lib/active_record/connection_adapters/abstract/connection_pool.rb:678:in `new_connection'
activerecord (7.1.3.2) lib/active_record/connection_adapters/abstract/connection_pool.rb:723:in `checkout_new_connection'
activerecord (7.1.3.2) lib/active_record/connection_adapters/abstract/connection_pool.rb:702:in `try_to_checkout_new_connection'
activerecord (7.1.3.2) lib/active_record/connection_adapters/abstract/connection_pool.rb:654:in `acquire_connection'
activerecord (7.1.3.2) lib/active_record/connection_adapters/abstract/connection_pool.rb:353:in `checkout'
activerecord (7.1.3.2) lib/active_record/connection_adapters/abstract/connection_pool.rb:182:in `connection'
activerecord (7.1.3.2) lib/active_record/migration/pending_migration_connection.rb:8:in `establish_temporary_connection'
activerecord (7.1.3.2) lib/active_record/migration.rb:774:in `block in pending_migrations'
activerecord (7.1.3.2) lib/active_record/migration.rb:773:in `each'
activerecord (7.1.3.2) lib/active_record/migration.rb:773:in `pending_migrations'
activerecord (7.1.3.2) lib/active_record/migration.rb:752:in `check_pending_migrations'
activerecord (7.1.3.2) lib/active_record/migration.rb:644:in `block (2 levels) in call'
activesupport (7.1.3.2) lib/active_support/file_update_checker.rb:85:in `execute'
activerecord (7.1.3.2) lib/active_record/migration.rb:649:in `block in call'
activerecord (7.1.3.2) lib/active_record/migration.rb:641:in `synchronize'
activerecord (7.1.3.2) lib/active_record/migration.rb:641:in `call'
actionpack (7.1.3.2) lib/action_dispatch/middleware/callbacks.rb:29:in `block in call'
activesupport (7.1.3.2) lib/active_support/callbacks.rb:101:in `run_callbacks'
actionpack (7.1.3.2) lib/action_dispatch/middleware/callbacks.rb:28:in `call'
actionpack (7.1.3.2) lib/action_dispatch/middleware/executor.rb:14:in `call'
actionpack (7.1.3.2) lib/action_dispatch/middleware/actionable_exceptions.rb:16:in `call'
actionpack (7.1.3.2) lib/action_dispatch/middleware/debug_exceptions.rb:29:in `call'
web-console (4.2.1) lib/web_console/middleware.rb:132:in `call_app'
web-console (4.2.1) lib/web_console/middleware.rb:28:in `block in call'
web-console (4.2.1) lib/web_console/middleware.rb:17:in `catch'
web-console (4.2.1) lib/web_console/middleware.rb:17:in `call'
actionpack (7.1.3.2) lib/action_dispatch/middleware/show_exceptions.rb:31:in `call'
railties (7.1.3.2) lib/rails/rack/logger.rb:37:in `call_app'
railties (7.1.3.2) lib/rails/rack/logger.rb:24:in `block in call'
activesupport (7.1.3.2) lib/active_support/tagged_logging.rb:135:in `block in tagged'
activesupport (7.1.3.2) lib/active_support/tagged_logging.rb:39:in `tagged'
activesupport (7.1.3.2) lib/active_support/tagged_logging.rb:135:in `tagged'
activesupport (7.1.3.2) lib/active_support/broadcast_logger.rb:240:in `method_missing'
railties (7.1.3.2) lib/rails/rack/logger.rb:24:in `call'
sprockets-rails (3.4.2) lib/sprockets/rails/quiet_assets.rb:13:in `call'
actionpack (7.1.3.2) lib/action_dispatch/middleware/remote_ip.rb:92:in `call'
actionpack (7.1.3.2) lib/action_dispatch/middleware/request_id.rb:28:in `call'
rack (3.0.9.1) lib/rack/method_override.rb:28:in `call'
rack (3.0.9.1) lib/rack/runtime.rb:24:in `call'
activesupport (7.1.3.2) lib/active_support/cache/strategy/local_cache_middleware.rb:29:in `call'
actionpack (7.1.3.2) lib/action_dispatch/middleware/server_timing.rb:59:in `block in call'
actionpack (7.1.3.2) lib/action_dispatch/middleware/server_timing.rb:24:in `collect_events'
actionpack (7.1.3.2) lib/action_dispatch/middleware/server_timing.rb:58:in `call'
actionpack (7.1.3.2) lib/action_dispatch/middleware/executor.rb:14:in `call'
actionpack (7.1.3.2) lib/action_dispatch/middleware/static.rb:25:in `call'
rack (3.0.9.1) lib/rack/sendfile.rb:114:in `call'
actionpack (7.1.3.2) lib/action_dispatch/middleware/host_authorization.rb:141:in `call'
railties (7.1.3.2) lib/rails/engine.rb:536:in `call'
puma (6.4.2) lib/puma/configuration.rb:272:in `call'
puma (6.4.2) lib/puma/request.rb:100:in `block in handle_request'
puma (6.4.2) lib/puma/thread_pool.rb:378:in `with_force_shutdown'
puma (6.4.2) lib/puma/request.rb:99:in `handle_request'
puma (6.4.2) lib/puma/server.rb:464:in `process_client'
puma (6.4.2) lib/puma/server.rb:245:in `block in run'
puma (6.4.2) lib/puma/thread_pool.rb:155:in `block in spawn_thread'
Started GET "/articles/new" for 127.0.0.1 at 2024-03-15 16:00:26 +0800
  
ActiveRecord::DatabaseConnectionError (There is an issue connecting to your database with your username/password, username: nora.

Please check your database configuration to ensure the username/password are valid.
):
  
activerecord (7.1.3.2) lib/active_record/connection_adapters/postgresql_adapter.rb:76:in `rescue in new_client'
activerecord (7.1.3.2) lib/active_record/connection_adapters/postgresql_adapter.rb:68:in `new_client'
activerecord (7.1.3.2) lib/active_record/connection_adapters/postgresql_adapter.rb:980:in `connect'
activerecord (7.1.3.2) lib/active_record/connection_adapters/postgresql_adapter.rb:992:in `reconnect'
activerecord (7.1.3.2) lib/active_record/connection_adapters/abstract_adapter.rb:685:in `block in reconnect!'
activesupport (7.1.3.2) lib/active_support/concurrency/null_lock.rb:9:in `synchronize'
activerecord (7.1.3.2) lib/active_record/connection_adapters/abstract_adapter.rb:684:in `reconnect!'
activerecord (7.1.3.2) lib/active_record/connection_adapters/abstract_adapter.rb:788:in `verify!'
activerecord (7.1.3.2) lib/active_record/connection_adapters/abstract_adapter.rb:795:in `connect!'
activerecord (7.1.3.2) lib/active_record/connection_adapters/abstract_adapter.rb:1001:in `block in with_raw_connection'
activesupport (7.1.3.2) lib/active_support/concurrency/null_lock.rb:9:in `synchronize'
activerecord (7.1.3.2) lib/active_record/connection_adapters/abstract_adapter.rb:1000:in `with_raw_connection'
activerecord (7.1.3.2) lib/active_record/connection_adapters/abstract_adapter.rb:1113:in `valid_raw_connection'
activerecord (7.1.3.2) lib/active_record/connection_adapters/postgresql_adapter.rb:616:in `get_database_version'
activerecord (7.1.3.2) lib/active_record/connection_adapters/schema_cache.rb:374:in `database_version'
activerecord (7.1.3.2) lib/active_record/connection_adapters/schema_cache.rb:70:in `database_version'
activerecord (7.1.3.2) lib/active_record/connection_adapters/schema_cache.rb:200:in `database_version'
activerecord (7.1.3.2) lib/active_record/connection_adapters/abstract_adapter.rb:871:in `database_version'
activerecord (7.1.3.2) lib/active_record/connection_adapters/postgresql_adapter.rb:644:in `check_version'
activerecord (7.1.3.2) lib/active_record/connection_adapters/abstract/connection_pool.rb:678:in `new_connection'
activerecord (7.1.3.2) lib/active_record/connection_adapters/abstract/connection_pool.rb:723:in `checkout_new_connection'
activerecord (7.1.3.2) lib/active_record/connection_adapters/abstract/connection_pool.rb:702:in `try_to_checkout_new_connection'
activerecord (7.1.3.2) lib/active_record/connection_adapters/abstract/connection_pool.rb:654:in `acquire_connection'
activerecord (7.1.3.2) lib/active_record/connection_adapters/abstract/connection_pool.rb:353:in `checkout'
activerecord (7.1.3.2) lib/active_record/connection_adapters/abstract/connection_pool.rb:182:in `connection'
activerecord (7.1.3.2) lib/active_record/migration/pending_migration_connection.rb:8:in `establish_temporary_connection'
activerecord (7.1.3.2) lib/active_record/migration.rb:774:in `block in pending_migrations'
activerecord (7.1.3.2) lib/active_record/migration.rb:773:in `each'
activerecord (7.1.3.2) lib/active_record/migration.rb:773:in `pending_migrations'
activerecord (7.1.3.2) lib/active_record/migration.rb:752:in `check_pending_migrations'
activerecord (7.1.3.2) lib/active_record/migration.rb:644:in `block (2 levels) in call'
activesupport (7.1.3.2) lib/active_support/file_update_checker.rb:85:in `execute'
activerecord (7.1.3.2) lib/active_record/migration.rb:649:in `block in call'
activerecord (7.1.3.2) lib/active_record/migration.rb:641:in `synchronize'
activerecord (7.1.3.2) lib/active_record/migration.rb:641:in `call'
actionpack (7.1.3.2) lib/action_dispatch/middleware/callbacks.rb:29:in `block in call'
activesupport (7.1.3.2) lib/active_support/callbacks.rb:101:in `run_callbacks'
actionpack (7.1.3.2) lib/action_dispatch/middleware/callbacks.rb:28:in `call'
actionpack (7.1.3.2) lib/action_dispatch/middleware/executor.rb:14:in `call'
actionpack (7.1.3.2) lib/action_dispatch/middleware/actionable_exceptions.rb:16:in `call'
actionpack (7.1.3.2) lib/action_dispatch/middleware/debug_exceptions.rb:29:in `call'
web-console (4.2.1) lib/web_console/middleware.rb:132:in `call_app'
web-console (4.2.1) lib/web_console/middleware.rb:28:in `block in call'
web-console (4.2.1) lib/web_console/middleware.rb:17:in `catch'
web-console (4.2.1) lib/web_console/middleware.rb:17:in `call'
actionpack (7.1.3.2) lib/action_dispatch/middleware/show_exceptions.rb:31:in `call'
railties (7.1.3.2) lib/rails/rack/logger.rb:37:in `call_app'
railties (7.1.3.2) lib/rails/rack/logger.rb:24:in `block in call'
activesupport (7.1.3.2) lib/active_support/tagged_logging.rb:135:in `block in tagged'
activesupport (7.1.3.2) lib/active_support/tagged_logging.rb:39:in `tagged'
activesupport (7.1.3.2) lib/active_support/tagged_logging.rb:135:in `tagged'
activesupport (7.1.3.2) lib/active_support/broadcast_logger.rb:240:in `method_missing'
railties (7.1.3.2) lib/rails/rack/logger.rb:24:in `call'
sprockets-rails (3.4.2) lib/sprockets/rails/quiet_assets.rb:13:in `call'
actionpack (7.1.3.2) lib/action_dispatch/middleware/remote_ip.rb:92:in `call'
actionpack (7.1.3.2) lib/action_dispatch/middleware/request_id.rb:28:in `call'
rack (3.0.9.1) lib/rack/method_override.rb:28:in `call'
rack (3.0.9.1) lib/rack/runtime.rb:24:in `call'
activesupport (7.1.3.2) lib/active_support/cache/strategy/local_cache_middleware.rb:29:in `call'
actionpack (7.1.3.2) lib/action_dispatch/middleware/server_timing.rb:59:in `block in call'
actionpack (7.1.3.2) lib/action_dispatch/middleware/server_timing.rb:24:in `collect_events'
actionpack (7.1.3.2) lib/action_dispatch/middleware/server_timing.rb:58:in `call'
actionpack (7.1.3.2) lib/action_dispatch/middleware/executor.rb:14:in `call'
actionpack (7.1.3.2) lib/action_dispatch/middleware/static.rb:25:in `call'
rack (3.0.9.1) lib/rack/sendfile.rb:114:in `call'
actionpack (7.1.3.2) lib/action_dispatch/middleware/host_authorization.rb:141:in `call'
railties (7.1.3.2) lib/rails/engine.rb:536:in `call'
puma (6.4.2) lib/puma/configuration.rb:272:in `call'
puma (6.4.2) lib/puma/request.rb:100:in `block in handle_request'
puma (6.4.2) lib/puma/thread_pool.rb:378:in `with_force_shutdown'
puma (6.4.2) lib/puma/request.rb:99:in `handle_request'
puma (6.4.2) lib/puma/server.rb:464:in `process_client'
puma (6.4.2) lib/puma/server.rb:245:in `block in run'
puma (6.4.2) lib/puma/thread_pool.rb:155:in `block in spawn_thread'
Started GET "/articles" for 127.0.0.1 at 2024-03-15 16:00:44 +0800
  
ActiveRecord::DatabaseConnectionError (There is an issue connecting to your database with your username/password, username: nora.

Please check your database configuration to ensure the username/password are valid.
):
  
activerecord (7.1.3.2) lib/active_record/connection_adapters/postgresql_adapter.rb:76:in `rescue in new_client'
activerecord (7.1.3.2) lib/active_record/connection_adapters/postgresql_adapter.rb:68:in `new_client'
activerecord (7.1.3.2) lib/active_record/connection_adapters/postgresql_adapter.rb:980:in `connect'
activerecord (7.1.3.2) lib/active_record/connection_adapters/postgresql_adapter.rb:992:in `reconnect'
activerecord (7.1.3.2) lib/active_record/connection_adapters/abstract_adapter.rb:685:in `block in reconnect!'
activesupport (7.1.3.2) lib/active_support/concurrency/null_lock.rb:9:in `synchronize'
activerecord (7.1.3.2) lib/active_record/connection_adapters/abstract_adapter.rb:684:in `reconnect!'
activerecord (7.1.3.2) lib/active_record/connection_adapters/abstract_adapter.rb:788:in `verify!'
activerecord (7.1.3.2) lib/active_record/connection_adapters/abstract_adapter.rb:795:in `connect!'
activerecord (7.1.3.2) lib/active_record/connection_adapters/abstract_adapter.rb:1001:in `block in with_raw_connection'
activesupport (7.1.3.2) lib/active_support/concurrency/null_lock.rb:9:in `synchronize'
activerecord (7.1.3.2) lib/active_record/connection_adapters/abstract_adapter.rb:1000:in `with_raw_connection'
activerecord (7.1.3.2) lib/active_record/connection_adapters/abstract_adapter.rb:1113:in `valid_raw_connection'
activerecord (7.1.3.2) lib/active_record/connection_adapters/postgresql_adapter.rb:616:in `get_database_version'
activerecord (7.1.3.2) lib/active_record/connection_adapters/schema_cache.rb:374:in `database_version'
activerecord (7.1.3.2) lib/active_record/connection_adapters/schema_cache.rb:70:in `database_version'
activerecord (7.1.3.2) lib/active_record/connection_adapters/schema_cache.rb:200:in `database_version'
activerecord (7.1.3.2) lib/active_record/connection_adapters/abstract_adapter.rb:871:in `database_version'
activerecord (7.1.3.2) lib/active_record/connection_adapters/postgresql_adapter.rb:644:in `check_version'
activerecord (7.1.3.2) lib/active_record/connection_adapters/abstract/connection_pool.rb:678:in `new_connection'
activerecord (7.1.3.2) lib/active_record/connection_adapters/abstract/connection_pool.rb:723:in `checkout_new_connection'
activerecord (7.1.3.2) lib/active_record/connection_adapters/abstract/connection_pool.rb:702:in `try_to_checkout_new_connection'
activerecord (7.1.3.2) lib/active_record/connection_adapters/abstract/connection_pool.rb:654:in `acquire_connection'
activerecord (7.1.3.2) lib/active_record/connection_adapters/abstract/connection_pool.rb:353:in `checkout'
activerecord (7.1.3.2) lib/active_record/connection_adapters/abstract/connection_pool.rb:182:in `connection'
activerecord (7.1.3.2) lib/active_record/migration/pending_migration_connection.rb:8:in `establish_temporary_connection'
activerecord (7.1.3.2) lib/active_record/migration.rb:774:in `block in pending_migrations'
activerecord (7.1.3.2) lib/active_record/migration.rb:773:in `each'
activerecord (7.1.3.2) lib/active_record/migration.rb:773:in `pending_migrations'
activerecord (7.1.3.2) lib/active_record/migration.rb:752:in `check_pending_migrations'
activerecord (7.1.3.2) lib/active_record/migration.rb:644:in `block (2 levels) in call'
activesupport (7.1.3.2) lib/active_support/file_update_checker.rb:85:in `execute'
activerecord (7.1.3.2) lib/active_record/migration.rb:649:in `block in call'
activerecord (7.1.3.2) lib/active_record/migration.rb:641:in `synchronize'
activerecord (7.1.3.2) lib/active_record/migration.rb:641:in `call'
actionpack (7.1.3.2) lib/action_dispatch/middleware/callbacks.rb:29:in `block in call'
activesupport (7.1.3.2) lib/active_support/callbacks.rb:101:in `run_callbacks'
actionpack (7.1.3.2) lib/action_dispatch/middleware/callbacks.rb:28:in `call'
actionpack (7.1.3.2) lib/action_dispatch/middleware/executor.rb:14:in `call'
actionpack (7.1.3.2) lib/action_dispatch/middleware/actionable_exceptions.rb:16:in `call'
actionpack (7.1.3.2) lib/action_dispatch/middleware/debug_exceptions.rb:29:in `call'
web-console (4.2.1) lib/web_console/middleware.rb:132:in `call_app'
web-console (4.2.1) lib/web_console/middleware.rb:28:in `block in call'
web-console (4.2.1) lib/web_console/middleware.rb:17:in `catch'
web-console (4.2.1) lib/web_console/middleware.rb:17:in `call'
actionpack (7.1.3.2) lib/action_dispatch/middleware/show_exceptions.rb:31:in `call'
railties (7.1.3.2) lib/rails/rack/logger.rb:37:in `call_app'
railties (7.1.3.2) lib/rails/rack/logger.rb:24:in `block in call'
activesupport (7.1.3.2) lib/active_support/tagged_logging.rb:135:in `block in tagged'
activesupport (7.1.3.2) lib/active_support/tagged_logging.rb:39:in `tagged'
activesupport (7.1.3.2) lib/active_support/tagged_logging.rb:135:in `tagged'
activesupport (7.1.3.2) lib/active_support/broadcast_logger.rb:240:in `method_missing'
railties (7.1.3.2) lib/rails/rack/logger.rb:24:in `call'
sprockets-rails (3.4.2) lib/sprockets/rails/quiet_assets.rb:13:in `call'
actionpack (7.1.3.2) lib/action_dispatch/middleware/remote_ip.rb:92:in `call'
actionpack (7.1.3.2) lib/action_dispatch/middleware/request_id.rb:28:in `call'
rack (3.0.9.1) lib/rack/method_override.rb:28:in `call'
rack (3.0.9.1) lib/rack/runtime.rb:24:in `call'
activesupport (7.1.3.2) lib/active_support/cache/strategy/local_cache_middleware.rb:29:in `call'
actionpack (7.1.3.2) lib/action_dispatch/middleware/server_timing.rb:59:in `block in call'
actionpack (7.1.3.2) lib/action_dispatch/middleware/server_timing.rb:24:in `collect_events'
actionpack (7.1.3.2) lib/action_dispatch/middleware/server_timing.rb:58:in `call'
actionpack (7.1.3.2) lib/action_dispatch/middleware/executor.rb:14:in `call'
actionpack (7.1.3.2) lib/action_dispatch/middleware/static.rb:25:in `call'
rack (3.0.9.1) lib/rack/sendfile.rb:114:in `call'
actionpack (7.1.3.2) lib/action_dispatch/middleware/host_authorization.rb:141:in `call'
railties (7.1.3.2) lib/rails/engine.rb:536:in `call'
puma (6.4.2) lib/puma/configuration.rb:272:in `call'
puma (6.4.2) lib/puma/request.rb:100:in `block in handle_request'
puma (6.4.2) lib/puma/thread_pool.rb:378:in `with_force_shutdown'
puma (6.4.2) lib/puma/request.rb:99:in `handle_request'
puma (6.4.2) lib/puma/server.rb:464:in `process_client'
puma (6.4.2) lib/puma/server.rb:245:in `block in run'
puma (6.4.2) lib/puma/thread_pool.rb:155:in `block in spawn_thread'
Started GET "/articles" for 127.0.0.1 at 2024-03-15 16:00:45 +0800
  
ActiveRecord::DatabaseConnectionError (There is an issue connecting to your database with your username/password, username: nora.

Please check your database configuration to ensure the username/password are valid.
):
  
activerecord (7.1.3.2) lib/active_record/connection_adapters/postgresql_adapter.rb:76:in `rescue in new_client'
activerecord (7.1.3.2) lib/active_record/connection_adapters/postgresql_adapter.rb:68:in `new_client'
activerecord (7.1.3.2) lib/active_record/connection_adapters/postgresql_adapter.rb:980:in `connect'
activerecord (7.1.3.2) lib/active_record/connection_adapters/postgresql_adapter.rb:992:in `reconnect'
activerecord (7.1.3.2) lib/active_record/connection_adapters/abstract_adapter.rb:685:in `block in reconnect!'
activesupport (7.1.3.2) lib/active_support/concurrency/null_lock.rb:9:in `synchronize'
activerecord (7.1.3.2) lib/active_record/connection_adapters/abstract_adapter.rb:684:in `reconnect!'
activerecord (7.1.3.2) lib/active_record/connection_adapters/abstract_adapter.rb:788:in `verify!'
activerecord (7.1.3.2) lib/active_record/connection_adapters/abstract_adapter.rb:795:in `connect!'
activerecord (7.1.3.2) lib/active_record/connection_adapters/abstract_adapter.rb:1001:in `block in with_raw_connection'
activesupport (7.1.3.2) lib/active_support/concurrency/null_lock.rb:9:in `synchronize'
activerecord (7.1.3.2) lib/active_record/connection_adapters/abstract_adapter.rb:1000:in `with_raw_connection'
activerecord (7.1.3.2) lib/active_record/connection_adapters/abstract_adapter.rb:1113:in `valid_raw_connection'
activerecord (7.1.3.2) lib/active_record/connection_adapters/postgresql_adapter.rb:616:in `get_database_version'
activerecord (7.1.3.2) lib/active_record/connection_adapters/schema_cache.rb:374:in `database_version'
activerecord (7.1.3.2) lib/active_record/connection_adapters/schema_cache.rb:70:in `database_version'
activerecord (7.1.3.2) lib/active_record/connection_adapters/schema_cache.rb:200:in `database_version'
activerecord (7.1.3.2) lib/active_record/connection_adapters/abstract_adapter.rb:871:in `database_version'
activerecord (7.1.3.2) lib/active_record/connection_adapters/postgresql_adapter.rb:644:in `check_version'
activerecord (7.1.3.2) lib/active_record/connection_adapters/abstract/connection_pool.rb:678:in `new_connection'
activerecord (7.1.3.2) lib/active_record/connection_adapters/abstract/connection_pool.rb:723:in `checkout_new_connection'
activerecord (7.1.3.2) lib/active_record/connection_adapters/abstract/connection_pool.rb:702:in `try_to_checkout_new_connection'
activerecord (7.1.3.2) lib/active_record/connection_adapters/abstract/connection_pool.rb:654:in `acquire_connection'
activerecord (7.1.3.2) lib/active_record/connection_adapters/abstract/connection_pool.rb:353:in `checkout'
activerecord (7.1.3.2) lib/active_record/connection_adapters/abstract/connection_pool.rb:182:in `connection'
activerecord (7.1.3.2) lib/active_record/migration/pending_migration_connection.rb:8:in `establish_temporary_connection'
activerecord (7.1.3.2) lib/active_record/migration.rb:774:in `block in pending_migrations'
activerecord (7.1.3.2) lib/active_record/migration.rb:773:in `each'
activerecord (7.1.3.2) lib/active_record/migration.rb:773:in `pending_migrations'
activerecord (7.1.3.2) lib/active_record/migration.rb:752:in `check_pending_migrations'
activerecord (7.1.3.2) lib/active_record/migration.rb:644:in `block (2 levels) in call'
activesupport (7.1.3.2) lib/active_support/file_update_checker.rb:85:in `execute'
activerecord (7.1.3.2) lib/active_record/migration.rb:649:in `block in call'
activerecord (7.1.3.2) lib/active_record/migration.rb:641:in `synchronize'
activerecord (7.1.3.2) lib/active_record/migration.rb:641:in `call'
actionpack (7.1.3.2) lib/action_dispatch/middleware/callbacks.rb:29:in `block in call'
activesupport (7.1.3.2) lib/active_support/callbacks.rb:101:in `run_callbacks'
actionpack (7.1.3.2) lib/action_dispatch/middleware/callbacks.rb:28:in `call'
actionpack (7.1.3.2) lib/action_dispatch/middleware/executor.rb:14:in `call'
actionpack (7.1.3.2) lib/action_dispatch/middleware/actionable_exceptions.rb:16:in `call'
actionpack (7.1.3.2) lib/action_dispatch/middleware/debug_exceptions.rb:29:in `call'
web-console (4.2.1) lib/web_console/middleware.rb:132:in `call_app'
web-console (4.2.1) lib/web_console/middleware.rb:28:in `block in call'
web-console (4.2.1) lib/web_console/middleware.rb:17:in `catch'
web-console (4.2.1) lib/web_console/middleware.rb:17:in `call'
actionpack (7.1.3.2) lib/action_dispatch/middleware/show_exceptions.rb:31:in `call'
railties (7.1.3.2) lib/rails/rack/logger.rb:37:in `call_app'
railties (7.1.3.2) lib/rails/rack/logger.rb:24:in `block in call'
activesupport (7.1.3.2) lib/active_support/tagged_logging.rb:135:in `block in tagged'
activesupport (7.1.3.2) lib/active_support/tagged_logging.rb:39:in `tagged'
activesupport (7.1.3.2) lib/active_support/tagged_logging.rb:135:in `tagged'
activesupport (7.1.3.2) lib/active_support/broadcast_logger.rb:240:in `method_missing'
railties (7.1.3.2) lib/rails/rack/logger.rb:24:in `call'
sprockets-rails (3.4.2) lib/sprockets/rails/quiet_assets.rb:13:in `call'
actionpack (7.1.3.2) lib/action_dispatch/middleware/remote_ip.rb:92:in `call'
actionpack (7.1.3.2) lib/action_dispatch/middleware/request_id.rb:28:in `call'
rack (3.0.9.1) lib/rack/method_override.rb:28:in `call'
rack (3.0.9.1) lib/rack/runtime.rb:24:in `call'
activesupport (7.1.3.2) lib/active_support/cache/strategy/local_cache_middleware.rb:29:in `call'
actionpack (7.1.3.2) lib/action_dispatch/middleware/server_timing.rb:59:in `block in call'
actionpack (7.1.3.2) lib/action_dispatch/middleware/server_timing.rb:24:in `collect_events'
actionpack (7.1.3.2) lib/action_dispatch/middleware/server_timing.rb:58:in `call'
actionpack (7.1.3.2) lib/action_dispatch/middleware/executor.rb:14:in `call'
actionpack (7.1.3.2) lib/action_dispatch/middleware/static.rb:25:in `call'
rack (3.0.9.1) lib/rack/sendfile.rb:114:in `call'
actionpack (7.1.3.2) lib/action_dispatch/middleware/host_authorization.rb:141:in `call'
railties (7.1.3.2) lib/rails/engine.rb:536:in `call'
puma (6.4.2) lib/puma/configuration.rb:272:in `call'
puma (6.4.2) lib/puma/request.rb:100:in `block in handle_request'
puma (6.4.2) lib/puma/thread_pool.rb:378:in `with_force_shutdown'
puma (6.4.2) lib/puma/request.rb:99:in `handle_request'
puma (6.4.2) lib/puma/server.rb:464:in `process_client'
puma (6.4.2) lib/puma/server.rb:245:in `block in run'
puma (6.4.2) lib/puma/thread_pool.rb:155:in `block in spawn_thread'
Started GET "/articles/5" for 127.0.0.1 at 2024-03-15 16:00:47 +0800
  
ActiveRecord::DatabaseConnectionError (There is an issue connecting to your database with your username/password, username: nora.

Please check your database configuration to ensure the username/password are valid.
):
  
activerecord (7.1.3.2) lib/active_record/connection_adapters/postgresql_adapter.rb:76:in `rescue in new_client'
activerecord (7.1.3.2) lib/active_record/connection_adapters/postgresql_adapter.rb:68:in `new_client'
activerecord (7.1.3.2) lib/active_record/connection_adapters/postgresql_adapter.rb:980:in `connect'
activerecord (7.1.3.2) lib/active_record/connection_adapters/postgresql_adapter.rb:992:in `reconnect'
activerecord (7.1.3.2) lib/active_record/connection_adapters/abstract_adapter.rb:685:in `block in reconnect!'
activesupport (7.1.3.2) lib/active_support/concurrency/null_lock.rb:9:in `synchronize'
activerecord (7.1.3.2) lib/active_record/connection_adapters/abstract_adapter.rb:684:in `reconnect!'
activerecord (7.1.3.2) lib/active_record/connection_adapters/abstract_adapter.rb:788:in `verify!'
activerecord (7.1.3.2) lib/active_record/connection_adapters/abstract_adapter.rb:795:in `connect!'
activerecord (7.1.3.2) lib/active_record/connection_adapters/abstract_adapter.rb:1001:in `block in with_raw_connection'
activesupport (7.1.3.2) lib/active_support/concurrency/null_lock.rb:9:in `synchronize'
activerecord (7.1.3.2) lib/active_record/connection_adapters/abstract_adapter.rb:1000:in `with_raw_connection'
activerecord (7.1.3.2) lib/active_record/connection_adapters/abstract_adapter.rb:1113:in `valid_raw_connection'
activerecord (7.1.3.2) lib/active_record/connection_adapters/postgresql_adapter.rb:616:in `get_database_version'
activerecord (7.1.3.2) lib/active_record/connection_adapters/schema_cache.rb:374:in `database_version'
activerecord (7.1.3.2) lib/active_record/connection_adapters/schema_cache.rb:70:in `database_version'
activerecord (7.1.3.2) lib/active_record/connection_adapters/schema_cache.rb:200:in `database_version'
activerecord (7.1.3.2) lib/active_record/connection_adapters/abstract_adapter.rb:871:in `database_version'
activerecord (7.1.3.2) lib/active_record/connection_adapters/postgresql_adapter.rb:644:in `check_version'
activerecord (7.1.3.2) lib/active_record/connection_adapters/abstract/connection_pool.rb:678:in `new_connection'
activerecord (7.1.3.2) lib/active_record/connection_adapters/abstract/connection_pool.rb:723:in `checkout_new_connection'
activerecord (7.1.3.2) lib/active_record/connection_adapters/abstract/connection_pool.rb:702:in `try_to_checkout_new_connection'
activerecord (7.1.3.2) lib/active_record/connection_adapters/abstract/connection_pool.rb:654:in `acquire_connection'
activerecord (7.1.3.2) lib/active_record/connection_adapters/abstract/connection_pool.rb:353:in `checkout'
activerecord (7.1.3.2) lib/active_record/connection_adapters/abstract/connection_pool.rb:182:in `connection'
activerecord (7.1.3.2) lib/active_record/migration/pending_migration_connection.rb:8:in `establish_temporary_connection'
activerecord (7.1.3.2) lib/active_record/migration.rb:774:in `block in pending_migrations'
activerecord (7.1.3.2) lib/active_record/migration.rb:773:in `each'
activerecord (7.1.3.2) lib/active_record/migration.rb:773:in `pending_migrations'
activerecord (7.1.3.2) lib/active_record/migration.rb:752:in `check_pending_migrations'
activerecord (7.1.3.2) lib/active_record/migration.rb:644:in `block (2 levels) in call'
activesupport (7.1.3.2) lib/active_support/file_update_checker.rb:85:in `execute'
activerecord (7.1.3.2) lib/active_record/migration.rb:649:in `block in call'
activerecord (7.1.3.2) lib/active_record/migration.rb:641:in `synchronize'
activerecord (7.1.3.2) lib/active_record/migration.rb:641:in `call'
actionpack (7.1.3.2) lib/action_dispatch/middleware/callbacks.rb:29:in `block in call'
activesupport (7.1.3.2) lib/active_support/callbacks.rb:101:in `run_callbacks'
actionpack (7.1.3.2) lib/action_dispatch/middleware/callbacks.rb:28:in `call'
actionpack (7.1.3.2) lib/action_dispatch/middleware/executor.rb:14:in `call'
actionpack (7.1.3.2) lib/action_dispatch/middleware/actionable_exceptions.rb:16:in `call'
actionpack (7.1.3.2) lib/action_dispatch/middleware/debug_exceptions.rb:29:in `call'
web-console (4.2.1) lib/web_console/middleware.rb:132:in `call_app'
web-console (4.2.1) lib/web_console/middleware.rb:28:in `block in call'
web-console (4.2.1) lib/web_console/middleware.rb:17:in `catch'
web-console (4.2.1) lib/web_console/middleware.rb:17:in `call'
actionpack (7.1.3.2) lib/action_dispatch/middleware/show_exceptions.rb:31:in `call'
railties (7.1.3.2) lib/rails/rack/logger.rb:37:in `call_app'
railties (7.1.3.2) lib/rails/rack/logger.rb:24:in `block in call'
activesupport (7.1.3.2) lib/active_support/tagged_logging.rb:135:in `block in tagged'
activesupport (7.1.3.2) lib/active_support/tagged_logging.rb:39:in `tagged'
activesupport (7.1.3.2) lib/active_support/tagged_logging.rb:135:in `tagged'
activesupport (7.1.3.2) lib/active_support/broadcast_logger.rb:240:in `method_missing'
railties (7.1.3.2) lib/rails/rack/logger.rb:24:in `call'
sprockets-rails (3.4.2) lib/sprockets/rails/quiet_assets.rb:13:in `call'
actionpack (7.1.3.2) lib/action_dispatch/middleware/remote_ip.rb:92:in `call'
actionpack (7.1.3.2) lib/action_dispatch/middleware/request_id.rb:28:in `call'
rack (3.0.9.1) lib/rack/method_override.rb:28:in `call'
rack (3.0.9.1) lib/rack/runtime.rb:24:in `call'
activesupport (7.1.3.2) lib/active_support/cache/strategy/local_cache_middleware.rb:29:in `call'
actionpack (7.1.3.2) lib/action_dispatch/middleware/server_timing.rb:59:in `block in call'
actionpack (7.1.3.2) lib/action_dispatch/middleware/server_timing.rb:24:in `collect_events'
actionpack (7.1.3.2) lib/action_dispatch/middleware/server_timing.rb:58:in `call'
actionpack (7.1.3.2) lib/action_dispatch/middleware/executor.rb:14:in `call'
actionpack (7.1.3.2) lib/action_dispatch/middleware/static.rb:25:in `call'
rack (3.0.9.1) lib/rack/sendfile.rb:114:in `call'
actionpack (7.1.3.2) lib/action_dispatch/middleware/host_authorization.rb:141:in `call'
railties (7.1.3.2) lib/rails/engine.rb:536:in `call'
puma (6.4.2) lib/puma/configuration.rb:272:in `call'
puma (6.4.2) lib/puma/request.rb:100:in `block in handle_request'
puma (6.4.2) lib/puma/thread_pool.rb:378:in `with_force_shutdown'
puma (6.4.2) lib/puma/request.rb:99:in `handle_request'
puma (6.4.2) lib/puma/server.rb:464:in `process_client'
puma (6.4.2) lib/puma/server.rb:245:in `block in run'
puma (6.4.2) lib/puma/thread_pool.rb:155:in `block in spawn_thread'
Started GET "/articles" for 127.0.0.1 at 2024-03-15 16:00:52 +0800
  
ActiveRecord::DatabaseConnectionError (There is an issue connecting to your database with your username/password, username: nora.

Please check your database configuration to ensure the username/password are valid.
):
  
activerecord (7.1.3.2) lib/active_record/connection_adapters/postgresql_adapter.rb:76:in `rescue in new_client'
activerecord (7.1.3.2) lib/active_record/connection_adapters/postgresql_adapter.rb:68:in `new_client'
activerecord (7.1.3.2) lib/active_record/connection_adapters/postgresql_adapter.rb:980:in `connect'
activerecord (7.1.3.2) lib/active_record/connection_adapters/postgresql_adapter.rb:992:in `reconnect'
activerecord (7.1.3.2) lib/active_record/connection_adapters/abstract_adapter.rb:685:in `block in reconnect!'
activesupport (7.1.3.2) lib/active_support/concurrency/null_lock.rb:9:in `synchronize'
activerecord (7.1.3.2) lib/active_record/connection_adapters/abstract_adapter.rb:684:in `reconnect!'
activerecord (7.1.3.2) lib/active_record/connection_adapters/abstract_adapter.rb:788:in `verify!'
activerecord (7.1.3.2) lib/active_record/connection_adapters/abstract_adapter.rb:795:in `connect!'
activerecord (7.1.3.2) lib/active_record/connection_adapters/abstract_adapter.rb:1001:in `block in with_raw_connection'
activesupport (7.1.3.2) lib/active_support/concurrency/null_lock.rb:9:in `synchronize'
activerecord (7.1.3.2) lib/active_record/connection_adapters/abstract_adapter.rb:1000:in `with_raw_connection'
activerecord (7.1.3.2) lib/active_record/connection_adapters/abstract_adapter.rb:1113:in `valid_raw_connection'
activerecord (7.1.3.2) lib/active_record/connection_adapters/postgresql_adapter.rb:616:in `get_database_version'
activerecord (7.1.3.2) lib/active_record/connection_adapters/schema_cache.rb:374:in `database_version'
activerecord (7.1.3.2) lib/active_record/connection_adapters/schema_cache.rb:70:in `database_version'
activerecord (7.1.3.2) lib/active_record/connection_adapters/schema_cache.rb:200:in `database_version'
activerecord (7.1.3.2) lib/active_record/connection_adapters/abstract_adapter.rb:871:in `database_version'
activerecord (7.1.3.2) lib/active_record/connection_adapters/postgresql_adapter.rb:644:in `check_version'
activerecord (7.1.3.2) lib/active_record/connection_adapters/abstract/connection_pool.rb:678:in `new_connection'
activerecord (7.1.3.2) lib/active_record/connection_adapters/abstract/connection_pool.rb:723:in `checkout_new_connection'
activerecord (7.1.3.2) lib/active_record/connection_adapters/abstract/connection_pool.rb:702:in `try_to_checkout_new_connection'
activerecord (7.1.3.2) lib/active_record/connection_adapters/abstract/connection_pool.rb:654:in `acquire_connection'
activerecord (7.1.3.2) lib/active_record/connection_adapters/abstract/connection_pool.rb:353:in `checkout'
activerecord (7.1.3.2) lib/active_record/connection_adapters/abstract/connection_pool.rb:182:in `connection'
activerecord (7.1.3.2) lib/active_record/migration/pending_migration_connection.rb:8:in `establish_temporary_connection'
activerecord (7.1.3.2) lib/active_record/migration.rb:774:in `block in pending_migrations'
activerecord (7.1.3.2) lib/active_record/migration.rb:773:in `each'
activerecord (7.1.3.2) lib/active_record/migration.rb:773:in `pending_migrations'
activerecord (7.1.3.2) lib/active_record/migration.rb:752:in `check_pending_migrations'
activerecord (7.1.3.2) lib/active_record/migration.rb:644:in `block (2 levels) in call'
activesupport (7.1.3.2) lib/active_support/file_update_checker.rb:85:in `execute'
activerecord (7.1.3.2) lib/active_record/migration.rb:649:in `block in call'
activerecord (7.1.3.2) lib/active_record/migration.rb:641:in `synchronize'
activerecord (7.1.3.2) lib/active_record/migration.rb:641:in `call'
actionpack (7.1.3.2) lib/action_dispatch/middleware/callbacks.rb:29:in `block in call'
activesupport (7.1.3.2) lib/active_support/callbacks.rb:101:in `run_callbacks'
actionpack (7.1.3.2) lib/action_dispatch/middleware/callbacks.rb:28:in `call'
actionpack (7.1.3.2) lib/action_dispatch/middleware/executor.rb:14:in `call'
actionpack (7.1.3.2) lib/action_dispatch/middleware/actionable_exceptions.rb:16:in `call'
actionpack (7.1.3.2) lib/action_dispatch/middleware/debug_exceptions.rb:29:in `call'
web-console (4.2.1) lib/web_console/middleware.rb:132:in `call_app'
web-console (4.2.1) lib/web_console/middleware.rb:28:in `block in call'
web-console (4.2.1) lib/web_console/middleware.rb:17:in `catch'
web-console (4.2.1) lib/web_console/middleware.rb:17:in `call'
actionpack (7.1.3.2) lib/action_dispatch/middleware/show_exceptions.rb:31:in `call'
railties (7.1.3.2) lib/rails/rack/logger.rb:37:in `call_app'
railties (7.1.3.2) lib/rails/rack/logger.rb:24:in `block in call'
activesupport (7.1.3.2) lib/active_support/tagged_logging.rb:135:in `block in tagged'
activesupport (7.1.3.2) lib/active_support/tagged_logging.rb:39:in `tagged'
activesupport (7.1.3.2) lib/active_support/tagged_logging.rb:135:in `tagged'
activesupport (7.1.3.2) lib/active_support/broadcast_logger.rb:240:in `method_missing'
railties (7.1.3.2) lib/rails/rack/logger.rb:24:in `call'
sprockets-rails (3.4.2) lib/sprockets/rails/quiet_assets.rb:13:in `call'
actionpack (7.1.3.2) lib/action_dispatch/middleware/remote_ip.rb:92:in `call'
actionpack (7.1.3.2) lib/action_dispatch/middleware/request_id.rb:28:in `call'
rack (3.0.9.1) lib/rack/method_override.rb:28:in `call'
rack (3.0.9.1) lib/rack/runtime.rb:24:in `call'
activesupport (7.1.3.2) lib/active_support/cache/strategy/local_cache_middleware.rb:29:in `call'
actionpack (7.1.3.2) lib/action_dispatch/middleware/server_timing.rb:59:in `block in call'
actionpack (7.1.3.2) lib/action_dispatch/middleware/server_timing.rb:24:in `collect_events'
actionpack (7.1.3.2) lib/action_dispatch/middleware/server_timing.rb:58:in `call'
actionpack (7.1.3.2) lib/action_dispatch/middleware/executor.rb:14:in `call'
actionpack (7.1.3.2) lib/action_dispatch/middleware/static.rb:25:in `call'
rack (3.0.9.1) lib/rack/sendfile.rb:114:in `call'
actionpack (7.1.3.2) lib/action_dispatch/middleware/host_authorization.rb:141:in `call'
railties (7.1.3.2) lib/rails/engine.rb:536:in `call'
puma (6.4.2) lib/puma/configuration.rb:272:in `call'
puma (6.4.2) lib/puma/request.rb:100:in `block in handle_request'
puma (6.4.2) lib/puma/thread_pool.rb:378:in `with_force_shutdown'
puma (6.4.2) lib/puma/request.rb:99:in `handle_request'
puma (6.4.2) lib/puma/server.rb:464:in `process_client'
puma (6.4.2) lib/puma/server.rb:245:in `block in run'
puma (6.4.2) lib/puma/thread_pool.rb:155:in `block in spawn_thread'
Started GET "/articles" for 127.0.0.1 at 2024-03-15 16:01:01 +0800
  
ActiveRecord::DatabaseConnectionError (There is an issue connecting to your database with your username/password, username: nora.

Please check your database configuration to ensure the username/password are valid.
):
  
activerecord (7.1.3.2) lib/active_record/connection_adapters/postgresql_adapter.rb:76:in `rescue in new_client'
activerecord (7.1.3.2) lib/active_record/connection_adapters/postgresql_adapter.rb:68:in `new_client'
activerecord (7.1.3.2) lib/active_record/connection_adapters/postgresql_adapter.rb:980:in `connect'
activerecord (7.1.3.2) lib/active_record/connection_adapters/postgresql_adapter.rb:992:in `reconnect'
activerecord (7.1.3.2) lib/active_record/connection_adapters/abstract_adapter.rb:685:in `block in reconnect!'
activesupport (7.1.3.2) lib/active_support/concurrency/null_lock.rb:9:in `synchronize'
activerecord (7.1.3.2) lib/active_record/connection_adapters/abstract_adapter.rb:684:in `reconnect!'
activerecord (7.1.3.2) lib/active_record/connection_adapters/abstract_adapter.rb:788:in `verify!'
activerecord (7.1.3.2) lib/active_record/connection_adapters/abstract_adapter.rb:795:in `connect!'
activerecord (7.1.3.2) lib/active_record/connection_adapters/abstract_adapter.rb:1001:in `block in with_raw_connection'
activesupport (7.1.3.2) lib/active_support/concurrency/null_lock.rb:9:in `synchronize'
activerecord (7.1.3.2) lib/active_record/connection_adapters/abstract_adapter.rb:1000:in `with_raw_connection'
activerecord (7.1.3.2) lib/active_record/connection_adapters/abstract_adapter.rb:1113:in `valid_raw_connection'
activerecord (7.1.3.2) lib/active_record/connection_adapters/postgresql_adapter.rb:616:in `get_database_version'
activerecord (7.1.3.2) lib/active_record/connection_adapters/schema_cache.rb:374:in `database_version'
activerecord (7.1.3.2) lib/active_record/connection_adapters/schema_cache.rb:70:in `database_version'
activerecord (7.1.3.2) lib/active_record/connection_adapters/schema_cache.rb:200:in `database_version'
activerecord (7.1.3.2) lib/active_record/connection_adapters/abstract_adapter.rb:871:in `database_version'
activerecord (7.1.3.2) lib/active_record/connection_adapters/postgresql_adapter.rb:644:in `check_version'
activerecord (7.1.3.2) lib/active_record/connection_adapters/abstract/connection_pool.rb:678:in `new_connection'
activerecord (7.1.3.2) lib/active_record/connection_adapters/abstract/connection_pool.rb:723:in `checkout_new_connection'
activerecord (7.1.3.2) lib/active_record/connection_adapters/abstract/connection_pool.rb:702:in `try_to_checkout_new_connection'
activerecord (7.1.3.2) lib/active_record/connection_adapters/abstract/connection_pool.rb:654:in `acquire_connection'
activerecord (7.1.3.2) lib/active_record/connection_adapters/abstract/connection_pool.rb:353:in `checkout'
activerecord (7.1.3.2) lib/active_record/connection_adapters/abstract/connection_pool.rb:182:in `connection'
activerecord (7.1.3.2) lib/active_record/migration/pending_migration_connection.rb:8:in `establish_temporary_connection'
activerecord (7.1.3.2) lib/active_record/migration.rb:774:in `block in pending_migrations'
activerecord (7.1.3.2) lib/active_record/migration.rb:773:in `each'
activerecord (7.1.3.2) lib/active_record/migration.rb:773:in `pending_migrations'
activerecord (7.1.3.2) lib/active_record/migration.rb:752:in `check_pending_migrations'
activerecord (7.1.3.2) lib/active_record/migration.rb:644:in `block (2 levels) in call'
activesupport (7.1.3.2) lib/active_support/file_update_checker.rb:85:in `execute'
activerecord (7.1.3.2) lib/active_record/migration.rb:649:in `block in call'
activerecord (7.1.3.2) lib/active_record/migration.rb:641:in `synchronize'
activerecord (7.1.3.2) lib/active_record/migration.rb:641:in `call'
actionpack (7.1.3.2) lib/action_dispatch/middleware/callbacks.rb:29:in `block in call'
activesupport (7.1.3.2) lib/active_support/callbacks.rb:101:in `run_callbacks'
actionpack (7.1.3.2) lib/action_dispatch/middleware/callbacks.rb:28:in `call'
actionpack (7.1.3.2) lib/action_dispatch/middleware/executor.rb:14:in `call'
actionpack (7.1.3.2) lib/action_dispatch/middleware/actionable_exceptions.rb:16:in `call'
actionpack (7.1.3.2) lib/action_dispatch/middleware/debug_exceptions.rb:29:in `call'
web-console (4.2.1) lib/web_console/middleware.rb:132:in `call_app'
web-console (4.2.1) lib/web_console/middleware.rb:28:in `block in call'
web-console (4.2.1) lib/web_console/middleware.rb:17:in `catch'
web-console (4.2.1) lib/web_console/middleware.rb:17:in `call'
actionpack (7.1.3.2) lib/action_dispatch/middleware/show_exceptions.rb:31:in `call'
railties (7.1.3.2) lib/rails/rack/logger.rb:37:in `call_app'
railties (7.1.3.2) lib/rails/rack/logger.rb:24:in `block in call'
activesupport (7.1.3.2) lib/active_support/tagged_logging.rb:135:in `block in tagged'
activesupport (7.1.3.2) lib/active_support/tagged_logging.rb:39:in `tagged'
activesupport (7.1.3.2) lib/active_support/tagged_logging.rb:135:in `tagged'
activesupport (7.1.3.2) lib/active_support/broadcast_logger.rb:240:in `method_missing'
railties (7.1.3.2) lib/rails/rack/logger.rb:24:in `call'
sprockets-rails (3.4.2) lib/sprockets/rails/quiet_assets.rb:13:in `call'
actionpack (7.1.3.2) lib/action_dispatch/middleware/remote_ip.rb:92:in `call'
actionpack (7.1.3.2) lib/action_dispatch/middleware/request_id.rb:28:in `call'
rack (3.0.9.1) lib/rack/method_override.rb:28:in `call'
rack (3.0.9.1) lib/rack/runtime.rb:24:in `call'
activesupport (7.1.3.2) lib/active_support/cache/strategy/local_cache_middleware.rb:29:in `call'
actionpack (7.1.3.2) lib/action_dispatch/middleware/server_timing.rb:59:in `block in call'
actionpack (7.1.3.2) lib/action_dispatch/middleware/server_timing.rb:24:in `collect_events'
actionpack (7.1.3.2) lib/action_dispatch/middleware/server_timing.rb:58:in `call'
actionpack (7.1.3.2) lib/action_dispatch/middleware/executor.rb:14:in `call'
actionpack (7.1.3.2) lib/action_dispatch/middleware/static.rb:25:in `call'
rack (3.0.9.1) lib/rack/sendfile.rb:114:in `call'
actionpack (7.1.3.2) lib/action_dispatch/middleware/host_authorization.rb:141:in `call'
railties (7.1.3.2) lib/rails/engine.rb:536:in `call'
puma (6.4.2) lib/puma/configuration.rb:272:in `call'
puma (6.4.2) lib/puma/request.rb:100:in `block in handle_request'
puma (6.4.2) lib/puma/thread_pool.rb:378:in `with_force_shutdown'
puma (6.4.2) lib/puma/request.rb:99:in `handle_request'
puma (6.4.2) lib/puma/server.rb:464:in `process_client'
puma (6.4.2) lib/puma/server.rb:245:in `block in run'
puma (6.4.2) lib/puma/thread_pool.rb:155:in `block in spawn_thread'
Started GET "/articles" for 127.0.0.1 at 2024-03-15 16:01:46 +0800
  [1m[36mActiveRecord::SchemaMigration Load (0.8ms)[0m  [1m[34mSELECT "schema_migrations"."version" FROM "schema_migrations" ORDER BY "schema_migrations"."version" ASC[0m
Processing by ArticlesController#index as HTML
  Rendering layout layouts/application.html.erb
  Rendering articles/index.html.erb within layouts/application
  [1m[36mArticle Load (1.4ms)[0m  [1m[34mSELECT "articles".* FROM "articles"[0m
  ↳ app/views/articles/index.html.erb:11
  Rendered articles/index.html.erb within layouts/application (Duration: 54.3ms | Allocations: 14367)
  Rendered layout layouts/application.html.erb (Duration: 191.1ms | Allocations: 47502)
Completed 200 OK in 241ms (Views: 185.4ms | ActiveRecord: 9.4ms | Allocations: 57536)


Started GET "/articles/new" for 127.0.0.1 at 2024-03-15 16:01:47 +0800
Processing by ArticlesController#new as HTML
  Rendering layout layouts/application.html.erb
  Rendering articles/new.html.erb within layouts/application
  Rendered articles/_form.html.erb (Duration: 3.8ms | Allocations: 2247)
  Rendered articles/new.html.erb within layouts/application (Duration: 4.6ms | Allocations: 2558)
  Rendered layout layouts/application.html.erb (Duration: 6.3ms | Allocations: 3642)
Completed 200 OK in 8ms (Views: 6.9ms | ActiveRecord: 0.0ms | Allocations: 4013)


Started GET "/articles/new" for 127.0.0.1 at 2024-03-15 16:01:48 +0800
Processing by ArticlesController#new as HTML
  Rendering layout layouts/application.html.erb
  Rendering articles/new.html.erb within layouts/application
  Rendered articles/_form.html.erb (Duration: 1.3ms | Allocations: 969)
  Rendered articles/new.html.erb within layouts/application (Duration: 1.6ms | Allocations: 1048)
  Rendered layout layouts/application.html.erb (Duration: 3.0ms | Allocations: 2131)
Completed 200 OK in 4ms (Views: 3.6ms | ActiveRecord: 0.0ms | Allocations: 2401)


Started GET "/articles/new" for 127.0.0.1 at 2024-03-15 16:49:25 +0800
  [1m[36mActiveRecord::SchemaMigration Load (0.6ms)[0m  [1m[34mSELECT "schema_migrations"."version" FROM "schema_migrations" ORDER BY "schema_migrations"."version" ASC[0m
Processing by ArticlesController#new as HTML
  Rendering layout layouts/application.html.erb
  Rendering articles/new.html.erb within layouts/application
  Rendered articles/_form.html.erb (Duration: 6.6ms | Allocations: 3624)
  Rendered articles/new.html.erb within layouts/application (Duration: 7.7ms | Allocations: 4053)
  Rendered layout layouts/application.html.erb (Duration: 162.2ms | Allocations: 37098)
Completed 200 OK in 228ms (Views: 166.5ms | ActiveRecord: 21.8ms | Allocations: 57028)


Started GET "/articles/new" for 127.0.0.1 at 2024-03-15 16:49:26 +0800
Processing by ArticlesController#new as HTML
  Rendering layout layouts/application.html.erb
  Rendering articles/new.html.erb within layouts/application
  Rendered articles/_form.html.erb (Duration: 1.2ms | Allocations: 977)
  Rendered articles/new.html.erb within layouts/application (Duration: 1.6ms | Allocations: 1056)
  Rendered layout layouts/application.html.erb (Duration: 3.2ms | Allocations: 2140)
Completed 200 OK in 5ms (Views: 4.1ms | ActiveRecord: 0.0ms | Allocations: 2411)


Started GET "/articles" for 127.0.0.1 at 2024-03-15 16:49:28 +0800
Processing by ArticlesController#index as HTML
  Rendering layout layouts/application.html.erb
  Rendering articles/index.html.erb within layouts/application
  [1m[36mArticle Load (1.2ms)[0m  [1m[34mSELECT "articles".* FROM "articles"[0m
  ↳ app/views/articles/index.html.erb:11
  Rendered articles/index.html.erb within layouts/application (Duration: 4.3ms | Allocations: 1973)
  Rendered layout layouts/application.html.erb (Duration: 6.3ms | Allocations: 3056)
Completed 200 OK in 11ms (Views: 5.7ms | ActiveRecord: 1.2ms | Allocations: 4427)


